[0.022s] Invoking command in '/home/bot/yolo_ws/build/custom_interfaces': CMAKE_PREFIX_PATH=${CMAKE_PREFIX_PATH}:/home/bot/yolo_ws/install/object_detection:/home/bot/msg_ws/install/py_pubsub:/opt/ros/galactic /usr/bin/cmake --build /home/bot/yolo_ws/build/custom_interfaces -- -j8 -l8
[0.054s] [  7%] Built target custom_interfaces__cpp
[0.054s] [ 12%] Built target custom_interfaces__rosidl_generator_c
[0.068s] [ 30%] Built target custom_interfaces__rosidl_typesupport_cpp
[0.068s] [ 33%] Built target custom_interfaces__rosidl_typesupport_introspection_cpp
[0.074s] [ 43%] Built target custom_interfaces__rosidl_typesupport_c
[0.074s] [ 53%] Built target custom_interfaces__rosidl_typesupport_introspection_c
[0.075s] [ 64%] Built target custom_interfaces__rosidl_typesupport_fastrtps_cpp
[0.091s] [ 74%] Built target custom_interfaces__rosidl_typesupport_fastrtps_c
[0.103s] [ 74%] Built target custom_interfaces
[0.115s] [ 76%] Built target custom_interfaces__py
[0.132s] [ 84%] Built target custom_interfaces__python
[0.149s] [ 89%] Built target custom_interfaces__rosidl_typesupport_introspection_c__pyext
[0.151s] [ 94%] Built target custom_interfaces__rosidl_typesupport_fastrtps_c__pyext
[0.152s] [100%] Built target custom_interfaces__rosidl_typesupport_c__pyext
[0.160s] Invoked command in '/home/bot/yolo_ws/build/custom_interfaces' returned '0': CMAKE_PREFIX_PATH=${CMAKE_PREFIX_PATH}:/home/bot/yolo_ws/install/object_detection:/home/bot/msg_ws/install/py_pubsub:/opt/ros/galactic /usr/bin/cmake --build /home/bot/yolo_ws/build/custom_interfaces -- -j8 -l8
[0.198s] Invoking command in '/home/bot/yolo_ws/build/custom_interfaces': CMAKE_PREFIX_PATH=${CMAKE_PREFIX_PATH}:/home/bot/yolo_ws/install/object_detection:/home/bot/msg_ws/install/py_pubsub:/opt/ros/galactic /usr/bin/cmake --install /home/bot/yolo_ws/build/custom_interfaces
[0.203s] -- Install configuration: ""
[0.203s] -- Up-to-date: /home/bot/yolo_ws/install/custom_interfaces/share/ament_index/resource_index/rosidl_interfaces/custom_interfaces
[0.203s] -- Up-to-date: /home/bot/yolo_ws/install/custom_interfaces/include/custom_interfaces
[0.203s] -- Up-to-date: /home/bot/yolo_ws/install/custom_interfaces/include/custom_interfaces/srv
[0.203s] -- Up-to-date: /home/bot/yolo_ws/install/custom_interfaces/include/custom_interfaces/srv/set_bool.h
[0.203s] -- Up-to-date: /home/bot/yolo_ws/install/custom_interfaces/include/custom_interfaces/srv/detail
[0.203s] -- Up-to-date: /home/bot/yolo_ws/install/custom_interfaces/include/custom_interfaces/srv/detail/set_bool__type_support.h
[0.203s] -- Up-to-date: /home/bot/yolo_ws/install/custom_interfaces/include/custom_interfaces/srv/detail/set_bool__struct.h
[0.203s] -- Up-to-date: /home/bot/yolo_ws/install/custom_interfaces/include/custom_interfaces/srv/detail/set_bool__functions.c
[0.203s] -- Up-to-date: /home/bot/yolo_ws/install/custom_interfaces/include/custom_interfaces/srv/detail/set_bool__functions.h
[0.204s] -- Up-to-date: /home/bot/yolo_ws/install/custom_interfaces/include/custom_interfaces/msg
[0.204s] -- Up-to-date: /home/bot/yolo_ws/install/custom_interfaces/include/custom_interfaces/msg/detection.h
[0.204s] -- Up-to-date: /home/bot/yolo_ws/install/custom_interfaces/include/custom_interfaces/msg/rosidl_generator_c__visibility_control.h
[0.204s] -- Up-to-date: /home/bot/yolo_ws/install/custom_interfaces/include/custom_interfaces/msg/detail
[0.204s] -- Up-to-date: /home/bot/yolo_ws/install/custom_interfaces/include/custom_interfaces/msg/detail/detection__functions.c
[0.204s] -- Up-to-date: /home/bot/yolo_ws/install/custom_interfaces/include/custom_interfaces/msg/detail/detection__type_support.h
[0.204s] -- Up-to-date: /home/bot/yolo_ws/install/custom_interfaces/include/custom_interfaces/msg/detail/detection__functions.h
[0.204s] -- Up-to-date: /home/bot/yolo_ws/install/custom_interfaces/include/custom_interfaces/msg/detail/detection__struct.h
[0.204s] -- Up-to-date: /home/bot/yolo_ws/install/custom_interfaces/share/custom_interfaces/environment/library_path.sh
[0.204s] -- Up-to-date: /home/bot/yolo_ws/install/custom_interfaces/share/custom_interfaces/environment/library_path.dsv
[0.204s] -- Up-to-date: /home/bot/yolo_ws/install/custom_interfaces/lib/libcustom_interfaces__rosidl_generator_c.so
[0.204s] -- Up-to-date: /home/bot/yolo_ws/install/custom_interfaces/include/custom_interfaces
[0.205s] -- Up-to-date: /home/bot/yolo_ws/install/custom_interfaces/include/custom_interfaces/srv
[0.205s] -- Up-to-date: /home/bot/yolo_ws/install/custom_interfaces/include/custom_interfaces/srv/detail
[0.205s] -- Up-to-date: /home/bot/yolo_ws/install/custom_interfaces/include/custom_interfaces/srv/detail/set_bool__rosidl_typesupport_fastrtps_c.h
[0.205s] -- Up-to-date: /home/bot/yolo_ws/install/custom_interfaces/include/custom_interfaces/msg
[0.205s] -- Up-to-date: /home/bot/yolo_ws/install/custom_interfaces/include/custom_interfaces/msg/rosidl_typesupport_fastrtps_c__visibility_control.h
[0.205s] -- Up-to-date: /home/bot/yolo_ws/install/custom_interfaces/include/custom_interfaces/msg/detail
[0.205s] -- Up-to-date: /home/bot/yolo_ws/install/custom_interfaces/include/custom_interfaces/msg/detail/detection__rosidl_typesupport_fastrtps_c.h
[0.205s] -- Up-to-date: /home/bot/yolo_ws/install/custom_interfaces/lib/libcustom_interfaces__rosidl_typesupport_fastrtps_c.so
[0.205s] -- Up-to-date: /home/bot/yolo_ws/install/custom_interfaces/include/custom_interfaces
[0.205s] -- Up-to-date: /home/bot/yolo_ws/install/custom_interfaces/include/custom_interfaces/srv
[0.205s] -- Up-to-date: /home/bot/yolo_ws/install/custom_interfaces/include/custom_interfaces/srv/detail
[0.205s] -- Up-to-date: /home/bot/yolo_ws/install/custom_interfaces/include/custom_interfaces/srv/detail/set_bool__rosidl_typesupport_fastrtps_cpp.hpp
[0.205s] -- Up-to-date: /home/bot/yolo_ws/install/custom_interfaces/include/custom_interfaces/srv/detail/dds_fastrtps
[0.205s] -- Up-to-date: /home/bot/yolo_ws/install/custom_interfaces/include/custom_interfaces/msg
[0.205s] -- Up-to-date: /home/bot/yolo_ws/install/custom_interfaces/include/custom_interfaces/msg/rosidl_typesupport_fastrtps_cpp__visibility_control.h
[0.205s] -- Up-to-date: /home/bot/yolo_ws/install/custom_interfaces/include/custom_interfaces/msg/detail
[0.205s] -- Up-to-date: /home/bot/yolo_ws/install/custom_interfaces/include/custom_interfaces/msg/detail/detection__rosidl_typesupport_fastrtps_cpp.hpp
[0.205s] -- Up-to-date: /home/bot/yolo_ws/install/custom_interfaces/include/custom_interfaces/msg/detail/dds_fastrtps
[0.205s] -- Up-to-date: /home/bot/yolo_ws/install/custom_interfaces/lib/libcustom_interfaces__rosidl_typesupport_fastrtps_cpp.so
[0.205s] -- Up-to-date: /home/bot/yolo_ws/install/custom_interfaces/include/custom_interfaces
[0.205s] -- Up-to-date: /home/bot/yolo_ws/install/custom_interfaces/include/custom_interfaces/srv
[0.205s] -- Up-to-date: /home/bot/yolo_ws/install/custom_interfaces/include/custom_interfaces/srv/detail
[0.205s] -- Up-to-date: /home/bot/yolo_ws/install/custom_interfaces/include/custom_interfaces/srv/detail/set_bool__rosidl_typesupport_introspection_c.h
[0.205s] -- Up-to-date: /home/bot/yolo_ws/install/custom_interfaces/include/custom_interfaces/srv/detail/set_bool__type_support.c
[0.205s] -- Up-to-date: /home/bot/yolo_ws/install/custom_interfaces/include/custom_interfaces/msg
[0.205s] -- Up-to-date: /home/bot/yolo_ws/install/custom_interfaces/include/custom_interfaces/msg/detail
[0.206s] -- Up-to-date: /home/bot/yolo_ws/install/custom_interfaces/include/custom_interfaces/msg/detail/detection__type_support.c
[0.206s] -- Up-to-date: /home/bot/yolo_ws/install/custom_interfaces/include/custom_interfaces/msg/detail/detection__rosidl_typesupport_introspection_c.h
[0.206s] -- Up-to-date: /home/bot/yolo_ws/install/custom_interfaces/include/custom_interfaces/msg/rosidl_typesupport_introspection_c__visibility_control.h
[0.206s] -- Up-to-date: /home/bot/yolo_ws/install/custom_interfaces/lib/libcustom_interfaces__rosidl_typesupport_introspection_c.so
[0.206s] -- Up-to-date: /home/bot/yolo_ws/install/custom_interfaces/lib/libcustom_interfaces__rosidl_typesupport_c.so
[0.206s] -- Up-to-date: /home/bot/yolo_ws/install/custom_interfaces/include/custom_interfaces
[0.206s] -- Up-to-date: /home/bot/yolo_ws/install/custom_interfaces/include/custom_interfaces/srv
[0.206s] -- Up-to-date: /home/bot/yolo_ws/install/custom_interfaces/include/custom_interfaces/srv/set_bool.hpp
[0.206s] -- Up-to-date: /home/bot/yolo_ws/install/custom_interfaces/include/custom_interfaces/srv/detail
[0.206s] -- Up-to-date: /home/bot/yolo_ws/install/custom_interfaces/include/custom_interfaces/srv/detail/set_bool__traits.hpp
[0.206s] -- Up-to-date: /home/bot/yolo_ws/install/custom_interfaces/include/custom_interfaces/srv/detail/set_bool__struct.hpp
[0.206s] -- Up-to-date: /home/bot/yolo_ws/install/custom_interfaces/include/custom_interfaces/srv/detail/set_bool__builder.hpp
[0.206s] -- Up-to-date: /home/bot/yolo_ws/install/custom_interfaces/include/custom_interfaces/msg
[0.206s] -- Up-to-date: /home/bot/yolo_ws/install/custom_interfaces/include/custom_interfaces/msg/detection.hpp
[0.206s] -- Up-to-date: /home/bot/yolo_ws/install/custom_interfaces/include/custom_interfaces/msg/detail
[0.206s] -- Up-to-date: /home/bot/yolo_ws/install/custom_interfaces/include/custom_interfaces/msg/detail/detection__traits.hpp
[0.206s] -- Up-to-date: /home/bot/yolo_ws/install/custom_interfaces/include/custom_interfaces/msg/detail/detection__builder.hpp
[0.206s] -- Up-to-date: /home/bot/yolo_ws/install/custom_interfaces/include/custom_interfaces/msg/detail/detection__struct.hpp
[0.206s] -- Up-to-date: /home/bot/yolo_ws/install/custom_interfaces/include/custom_interfaces
[0.206s] -- Up-to-date: /home/bot/yolo_ws/install/custom_interfaces/include/custom_interfaces/srv
[0.206s] -- Up-to-date: /home/bot/yolo_ws/install/custom_interfaces/include/custom_interfaces/srv/detail
[0.206s] -- Up-to-date: /home/bot/yolo_ws/install/custom_interfaces/include/custom_interfaces/srv/detail/set_bool__rosidl_typesupport_introspection_cpp.hpp
[0.206s] -- Up-to-date: /home/bot/yolo_ws/install/custom_interfaces/include/custom_interfaces/srv/detail/set_bool__type_support.cpp
[0.206s] -- Up-to-date: /home/bot/yolo_ws/install/custom_interfaces/include/custom_interfaces/msg
[0.206s] -- Up-to-date: /home/bot/yolo_ws/install/custom_interfaces/include/custom_interfaces/msg/detail
[0.206s] -- Up-to-date: /home/bot/yolo_ws/install/custom_interfaces/include/custom_interfaces/msg/detail/detection__rosidl_typesupport_introspection_cpp.hpp
[0.206s] -- Up-to-date: /home/bot/yolo_ws/install/custom_interfaces/include/custom_interfaces/msg/detail/detection__type_support.cpp
[0.206s] -- Up-to-date: /home/bot/yolo_ws/install/custom_interfaces/lib/libcustom_interfaces__rosidl_typesupport_introspection_cpp.so
[0.206s] -- Up-to-date: /home/bot/yolo_ws/install/custom_interfaces/lib/libcustom_interfaces__rosidl_typesupport_cpp.so
[0.206s] -- Up-to-date: /home/bot/yolo_ws/install/custom_interfaces/share/custom_interfaces/environment/pythonpath.sh
[0.206s] -- Up-to-date: /home/bot/yolo_ws/install/custom_interfaces/share/custom_interfaces/environment/pythonpath.dsv
[0.206s] -- Up-to-date: /home/bot/yolo_ws/install/custom_interfaces/lib/python3.8/site-packages/custom_interfaces/__init__.py
[0.225s] -- Up-to-date: /home/bot/yolo_ws/install/custom_interfaces/lib/python3.8/site-packages/custom_interfaces/msg
[0.225s] -- Up-to-date: /home/bot/yolo_ws/install/custom_interfaces/lib/python3.8/site-packages/custom_interfaces/msg/_detection.py
[0.225s] -- Up-to-date: /home/bot/yolo_ws/install/custom_interfaces/lib/python3.8/site-packages/custom_interfaces/msg/__init__.py
[0.225s] -- Up-to-date: /home/bot/yolo_ws/install/custom_interfaces/lib/python3.8/site-packages/custom_interfaces/msg/_detection_s.c
[0.225s] -- Up-to-date: /home/bot/yolo_ws/install/custom_interfaces/lib/python3.8/site-packages/custom_interfaces/srv
[0.225s] -- Up-to-date: /home/bot/yolo_ws/install/custom_interfaces/lib/python3.8/site-packages/custom_interfaces/srv/__init__.py
[0.225s] -- Up-to-date: /home/bot/yolo_ws/install/custom_interfaces/lib/python3.8/site-packages/custom_interfaces/srv/_set_bool.py
[0.225s] -- Up-to-date: /home/bot/yolo_ws/install/custom_interfaces/lib/python3.8/site-packages/custom_interfaces/srv/_set_bool_s.c
[0.226s] -- Up-to-date: /home/bot/yolo_ws/install/custom_interfaces/lib/python3.8/site-packages/custom_interfaces/custom_interfaces_s__rosidl_typesupport_fastrtps_c.cpython-38-x86_64-linux-gnu.so
[0.226s] -- Up-to-date: /home/bot/yolo_ws/install/custom_interfaces/lib/python3.8/site-packages/custom_interfaces/custom_interfaces_s__rosidl_typesupport_introspection_c.cpython-38-x86_64-linux-gnu.so
[0.227s] -- Up-to-date: /home/bot/yolo_ws/install/custom_interfaces/lib/python3.8/site-packages/custom_interfaces/custom_interfaces_s__rosidl_typesupport_c.cpython-38-x86_64-linux-gnu.so
[0.227s] -- Up-to-date: /home/bot/yolo_ws/install/custom_interfaces/lib/libcustom_interfaces__python.so
[0.227s] -- Up-to-date: /home/bot/yolo_ws/install/custom_interfaces/share/custom_interfaces/msg/Detection.idl
[0.227s] -- Up-to-date: /home/bot/yolo_ws/install/custom_interfaces/share/custom_interfaces/srv/SetBool.idl
[0.227s] -- Up-to-date: /home/bot/yolo_ws/install/custom_interfaces/share/custom_interfaces/msg/Detection.msg
[0.227s] -- Up-to-date: /home/bot/yolo_ws/install/custom_interfaces/share/custom_interfaces/srv/SetBool.srv
[0.227s] -- Up-to-date: /home/bot/yolo_ws/install/custom_interfaces/share/custom_interfaces/srv/SetBool_Request.msg
[0.227s] -- Up-to-date: /home/bot/yolo_ws/install/custom_interfaces/share/custom_interfaces/srv/SetBool_Response.msg
[0.227s] -- Up-to-date: /home/bot/yolo_ws/install/custom_interfaces/share/ament_index/resource_index/package_run_dependencies/custom_interfaces
[0.227s] -- Up-to-date: /home/bot/yolo_ws/install/custom_interfaces/share/ament_index/resource_index/parent_prefix_path/custom_interfaces
[0.227s] -- Up-to-date: /home/bot/yolo_ws/install/custom_interfaces/share/custom_interfaces/environment/ament_prefix_path.sh
[0.228s] -- Up-to-date: /home/bot/yolo_ws/install/custom_interfaces/share/custom_interfaces/environment/ament_prefix_path.dsv
[0.228s] -- Up-to-date: /home/bot/yolo_ws/install/custom_interfaces/share/custom_interfaces/environment/path.sh
[0.228s] -- Up-to-date: /home/bot/yolo_ws/install/custom_interfaces/share/custom_interfaces/environment/path.dsv
[0.228s] -- Up-to-date: /home/bot/yolo_ws/install/custom_interfaces/share/custom_interfaces/local_setup.bash
[0.228s] -- Up-to-date: /home/bot/yolo_ws/install/custom_interfaces/share/custom_interfaces/local_setup.sh
[0.228s] -- Up-to-date: /home/bot/yolo_ws/install/custom_interfaces/share/custom_interfaces/local_setup.zsh
[0.228s] -- Up-to-date: /home/bot/yolo_ws/install/custom_interfaces/share/custom_interfaces/local_setup.dsv
[0.228s] -- Installing: /home/bot/yolo_ws/install/custom_interfaces/share/custom_interfaces/package.dsv
[0.228s] -- Up-to-date: /home/bot/yolo_ws/install/custom_interfaces/share/ament_index/resource_index/packages/custom_interfaces
[0.228s] -- Up-to-date: /home/bot/yolo_ws/install/custom_interfaces/share/custom_interfaces/cmake/custom_interfaces__rosidl_generator_cExport.cmake
[0.228s] -- Up-to-date: /home/bot/yolo_ws/install/custom_interfaces/share/custom_interfaces/cmake/custom_interfaces__rosidl_generator_cExport-noconfig.cmake
[0.228s] -- Up-to-date: /home/bot/yolo_ws/install/custom_interfaces/share/custom_interfaces/cmake/custom_interfaces__rosidl_typesupport_introspection_cExport.cmake
[0.228s] -- Up-to-date: /home/bot/yolo_ws/install/custom_interfaces/share/custom_interfaces/cmake/custom_interfaces__rosidl_typesupport_introspection_cExport-noconfig.cmake
[0.229s] -- Up-to-date: /home/bot/yolo_ws/install/custom_interfaces/share/custom_interfaces/cmake/custom_interfaces__rosidl_typesupport_cExport.cmake
[0.229s] -- Up-to-date: /home/bot/yolo_ws/install/custom_interfaces/share/custom_interfaces/cmake/custom_interfaces__rosidl_typesupport_cExport-noconfig.cmake
[0.229s] -- Up-to-date: /home/bot/yolo_ws/install/custom_interfaces/share/custom_interfaces/cmake/custom_interfaces__rosidl_generator_cppExport.cmake
[0.229s] -- Up-to-date: /home/bot/yolo_ws/install/custom_interfaces/share/custom_interfaces/cmake/custom_interfaces__rosidl_typesupport_introspection_cppExport.cmake
[0.229s] -- Up-to-date: /home/bot/yolo_ws/install/custom_interfaces/share/custom_interfaces/cmake/custom_interfaces__rosidl_typesupport_introspection_cppExport-noconfig.cmake
[0.229s] -- Up-to-date: /home/bot/yolo_ws/install/custom_interfaces/share/custom_interfaces/cmake/custom_interfaces__rosidl_typesupport_cppExport.cmake
[0.229s] -- Up-to-date: /home/bot/yolo_ws/install/custom_interfaces/share/custom_interfaces/cmake/custom_interfaces__rosidl_typesupport_cppExport-noconfig.cmake
[0.229s] -- Up-to-date: /home/bot/yolo_ws/install/custom_interfaces/share/custom_interfaces/cmake/rosidl_cmake-extras.cmake
[0.229s] -- Up-to-date: /home/bot/yolo_ws/install/custom_interfaces/share/custom_interfaces/cmake/ament_cmake_export_dependencies-extras.cmake
[0.229s] -- Up-to-date: /home/bot/yolo_ws/install/custom_interfaces/share/custom_interfaces/cmake/ament_cmake_export_libraries-extras.cmake
[0.229s] -- Up-to-date: /home/bot/yolo_ws/install/custom_interfaces/share/custom_interfaces/cmake/ament_cmake_export_targets-extras.cmake
[0.229s] -- Up-to-date: /home/bot/yolo_ws/install/custom_interfaces/share/custom_interfaces/cmake/ament_cmake_export_include_directories-extras.cmake
[0.229s] -- Up-to-date: /home/bot/yolo_ws/install/custom_interfaces/share/custom_interfaces/cmake/rosidl_cmake_export_typesupport_libraries-extras.cmake
[0.229s] -- Up-to-date: /home/bot/yolo_ws/install/custom_interfaces/share/custom_interfaces/cmake/rosidl_cmake_export_typesupport_targets-extras.cmake
[0.229s] -- Up-to-date: /home/bot/yolo_ws/install/custom_interfaces/share/custom_interfaces/cmake/custom_interfacesConfig.cmake
[0.229s] -- Up-to-date: /home/bot/yolo_ws/install/custom_interfaces/share/custom_interfaces/cmake/custom_interfacesConfig-version.cmake
[0.229s] -- Up-to-date: /home/bot/yolo_ws/install/custom_interfaces/share/custom_interfaces/package.xml
[0.232s] Invoked command in '/home/bot/yolo_ws/build/custom_interfaces' returned '0': CMAKE_PREFIX_PATH=${CMAKE_PREFIX_PATH}:/home/bot/yolo_ws/install/object_detection:/home/bot/msg_ws/install/py_pubsub:/opt/ros/galactic /usr/bin/cmake --install /home/bot/yolo_ws/build/custom_interfaces
