running egg_info
creating ../../build/yolov5_ros2/yolov5_ros2.egg-info
writing ../../build/yolov5_ros2/yolov5_ros2.egg-info/PKG-INFO
writing dependency_links to ../../build/yolov5_ros2/yolov5_ros2.egg-info/dependency_links.txt
writing entry points to ../../build/yolov5_ros2/yolov5_ros2.egg-info/entry_points.txt
writing requirements to ../../build/yolov5_ros2/yolov5_ros2.egg-info/requires.txt
writing top-level names to ../../build/yolov5_ros2/yolov5_ros2.egg-info/top_level.txt
writing manifest file '../../build/yolov5_ros2/yolov5_ros2.egg-info/SOURCES.txt'
reading manifest file '../../build/yolov5_ros2/yolov5_ros2.egg-info/SOURCES.txt'
writing manifest file '../../build/yolov5_ros2/yolov5_ros2.egg-info/SOURCES.txt'
running build
running build_py
creating /home/bot/yolo_ws/build/yolov5_ros2/build
creating /home/bot/yolo_ws/build/yolov5_ros2/build/lib
creating /home/bot/yolo_ws/build/yolov5_ros2/build/lib/yolov5_ros2
copying yolov5_ros2/yolo_detect_2d.py -> /home/bot/yolo_ws/build/yolov5_ros2/build/lib/yolov5_ros2
copying yolov5_ros2/cv_tool.py -> /home/bot/yolo_ws/build/yolov5_ros2/build/lib/yolov5_ros2
copying yolov5_ros2/__init__.py -> /home/bot/yolo_ws/build/yolov5_ros2/build/lib/yolov5_ros2
running install
running install_lib
creating /home/bot/yolo_ws/install/yolov5_ros2/lib/python3.8/site-packages/yolov5_ros2
copying /home/bot/yolo_ws/build/yolov5_ros2/build/lib/yolov5_ros2/yolo_detect_2d.py -> /home/bot/yolo_ws/install/yolov5_ros2/lib/python3.8/site-packages/yolov5_ros2
copying /home/bot/yolo_ws/build/yolov5_ros2/build/lib/yolov5_ros2/cv_tool.py -> /home/bot/yolo_ws/install/yolov5_ros2/lib/python3.8/site-packages/yolov5_ros2
copying /home/bot/yolo_ws/build/yolov5_ros2/build/lib/yolov5_ros2/__init__.py -> /home/bot/yolo_ws/install/yolov5_ros2/lib/python3.8/site-packages/yolov5_ros2
byte-compiling /home/bot/yolo_ws/install/yolov5_ros2/lib/python3.8/site-packages/yolov5_ros2/yolo_detect_2d.py to yolo_detect_2d.cpython-38.pyc
byte-compiling /home/bot/yolo_ws/install/yolov5_ros2/lib/python3.8/site-packages/yolov5_ros2/cv_tool.py to cv_tool.cpython-38.pyc
byte-compiling /home/bot/yolo_ws/install/yolov5_ros2/lib/python3.8/site-packages/yolov5_ros2/__init__.py to __init__.cpython-38.pyc
running install_data
creating /home/bot/yolo_ws/install/yolov5_ros2/share/ament_index
creating /home/bot/yolo_ws/install/yolov5_ros2/share/ament_index/resource_index
creating /home/bot/yolo_ws/install/yolov5_ros2/share/ament_index/resource_index/packages
copying resource/yolov5_ros2 -> /home/bot/yolo_ws/install/yolov5_ros2/share/ament_index/resource_index/packages
copying package.xml -> /home/bot/yolo_ws/install/yolov5_ros2/share/yolov5_ros2
running install_egg_info
Copying ../../build/yolov5_ros2/yolov5_ros2.egg-info to /home/bot/yolo_ws/install/yolov5_ros2/lib/python3.8/site-packages/yolov5_ros2-0.0.0-py3.8.egg-info
running install_scripts
writing list of installed files to '/home/bot/yolo_ws/build/yolov5_ros2/install.log'
