[0.016s] Invoking command in '/home/bot/yolo_ws/build/custom_interfaces': CMAKE_PREFIX_PATH=${CMAKE_PREFIX_PATH}:/home/bot/msg_ws/install/py_pubsub:/opt/ros/galactic /usr/bin/cmake /home/bot/yolo_ws/src/custom_interfaces -DCMAKE_INSTALL_PREFIX=/home/bot/yolo_ws/install/custom_interfaces
[0.024s] -- Found ament_cmake: 1.1.5 (/opt/ros/galactic/share/ament_cmake/cmake)
[0.038s] -- Found PythonInterp: /usr/bin/python3 (found suitable version "3.8.10", minimum required is "3") 
[0.038s] -- Using PYTHON_EXECUTABLE: /usr/bin/python3
[0.074s] -- Found ament_lint_auto: 0.10.7 (/opt/ros/galactic/share/ament_lint_auto/cmake)
[0.108s] -- Found geometry_msgs: 2.2.4 (/opt/ros/galactic/share/geometry_msgs/cmake)
[0.121s] -- Using all available rosidl_typesupport_c: rosidl_typesupport_fastrtps_c;rosidl_typesupport_introspection_c
[0.123s] -- Found rosidl_adapter: 2.2.2 (/opt/ros/galactic/share/rosidl_adapter/cmake)
[0.189s] -- Using all available rosidl_typesupport_cpp: rosidl_typesupport_fastrtps_cpp;rosidl_typesupport_introspection_cpp
[0.234s] -- Found rosidl_default_generators: 1.1.1 (/opt/ros/galactic/share/rosidl_default_generators/cmake)
[0.253s] -- Found PythonInterp: /usr/bin/python3 (found version "3.8.10") 
[0.310s] -- Found ament_cmake_ros: 0.9.2 (/opt/ros/galactic/share/ament_cmake_ros/cmake)
[0.407s] -- Using all available rosidl_typesupport_c: rosidl_typesupport_fastrtps_c;rosidl_typesupport_introspection_c
[0.441s] -- Using all available rosidl_typesupport_cpp: rosidl_typesupport_fastrtps_cpp;rosidl_typesupport_introspection_cpp
[0.457s] -- Found PythonInterp: /usr/bin/python3 (found suitable version "3.8.10", minimum required is "3.5") 
[0.458s] -- Found python_cmake_module: 0.8.1 (/opt/ros/galactic/share/python_cmake_module/cmake)
[0.476s] -- Found PythonLibs: /usr/lib/x86_64-linux-gnu/libpython3.8.so (found suitable version "3.8.10", minimum required is "3.5") 
[0.476s] -- Using PYTHON_EXECUTABLE: /usr/bin/python3
[0.476s] -- Using PYTHON_INCLUDE_DIRS: /usr/include/python3.8
[0.476s] -- Using PYTHON_LIBRARIES: /usr/lib/x86_64-linux-gnu/libpython3.8.so
[0.490s] -- Found PythonExtra: .so  
[0.526s] -- Added test 'copyright' to check source files copyright and LICENSE
[0.528s] -- Added test 'lint_cmake' to check CMake code style
[0.529s] -- Added test 'xmllint' to check XML markup files
[0.533s] -- Configuring done
[0.559s] -- Generating done
[0.560s] -- Build files have been written to: /home/bot/yolo_ws/build/custom_interfaces
[0.564s] Invoked command in '/home/bot/yolo_ws/build/custom_interfaces' returned '0': CMAKE_PREFIX_PATH=${CMAKE_PREFIX_PATH}:/home/bot/msg_ws/install/py_pubsub:/opt/ros/galactic /usr/bin/cmake /home/bot/yolo_ws/src/custom_interfaces -DCMAKE_INSTALL_PREFIX=/home/bot/yolo_ws/install/custom_interfaces
[0.566s] Invoking command in '/home/bot/yolo_ws/build/custom_interfaces': CMAKE_PREFIX_PATH=${CMAKE_PREFIX_PATH}:/home/bot/msg_ws/install/py_pubsub:/opt/ros/galactic /usr/bin/cmake --build /home/bot/yolo_ws/build/custom_interfaces -- -j8 -l8
[0.589s] [35m[1mScanning dependencies of target custom_interfaces__cpp[0m
[0.591s] [  2%] [34m[1mGenerating C code for ROS interfaces[0m
[0.596s] [  5%] [34m[1mGenerating C++ code for ROS interfaces[0m
[0.770s] [35m[1mScanning dependencies of target custom_interfaces__rosidl_generator_c[0m
[0.778s] [  7%] [32mBuilding C object CMakeFiles/custom_interfaces__rosidl_generator_c.dir/rosidl_generator_c/custom_interfaces/srv/detail/set_bool__functions.c.o[0m
[0.780s] [ 10%] [32mBuilding C object CMakeFiles/custom_interfaces__rosidl_generator_c.dir/rosidl_generator_c/custom_interfaces/msg/detail/detection__functions.c.o[0m
[0.782s] [ 10%] Built target custom_interfaces__cpp
[0.789s] [ 12%] [34m[1mGenerating C++ type support dispatch for ROS interfaces[0m
[0.792s] [ 17%] [34m[1mGenerating C++ type support for eProsima Fast-RTPS[0m
[0.792s] [ 17%] [34m[1mGenerating C++ introspection for ROS interfaces[0m
[0.818s] [ 20%] [32m[1mLinking C shared library libcustom_interfaces__rosidl_generator_c.so[0m
[0.842s] [ 20%] Built target custom_interfaces__rosidl_generator_c
[0.849s] [ 23%] [34m[1mGenerating C type support dispatch for ROS interfaces[0m
[0.853s] [ 25%] [34m[1mGenerating C introspection for ROS interfaces[0m
[0.927s] [35m[1mScanning dependencies of target custom_interfaces__rosidl_typesupport_cpp[0m
[0.937s] [ 28%] [32mBuilding CXX object CMakeFiles/custom_interfaces__rosidl_typesupport_cpp.dir/rosidl_typesupport_cpp/custom_interfaces/srv/set_bool__type_support.cpp.o[0m
[0.939s] [ 30%] [32mBuilding CXX object CMakeFiles/custom_interfaces__rosidl_typesupport_cpp.dir/rosidl_typesupport_cpp/custom_interfaces/msg/detection__type_support.cpp.o[0m
[0.987s] [35m[1mScanning dependencies of target custom_interfaces__rosidl_typesupport_c[0m
[0.998s] [ 33%] [32mBuilding CXX object CMakeFiles/custom_interfaces__rosidl_typesupport_c.dir/rosidl_typesupport_c/custom_interfaces/msg/detection__type_support.cpp.o[0m
[0.998s] [ 35%] [32mBuilding CXX object CMakeFiles/custom_interfaces__rosidl_typesupport_c.dir/rosidl_typesupport_c/custom_interfaces/srv/set_bool__type_support.cpp.o[0m
[1.029s] [ 38%] [32m[1mLinking CXX shared library libcustom_interfaces__rosidl_typesupport_c.so[0m
[1.064s] [35m[1mScanning dependencies of target custom_interfaces__rosidl_typesupport_introspection_cpp[0m
[1.070s] [35m[1mScanning dependencies of target custom_interfaces__rosidl_typesupport_fastrtps_cpp[0m
[1.074s] [ 38%] Built target custom_interfaces__rosidl_typesupport_c
[1.077s] [ 43%] [32mBuilding CXX object CMakeFiles/custom_interfaces__rosidl_typesupport_introspection_cpp.dir/rosidl_typesupport_introspection_cpp/custom_interfaces/srv/detail/set_bool__type_support.cpp.o[0m
[1.077s] [ 43%] [32mBuilding CXX object CMakeFiles/custom_interfaces__rosidl_typesupport_introspection_cpp.dir/rosidl_typesupport_introspection_cpp/custom_interfaces/msg/detail/detection__type_support.cpp.o[0m
[1.096s] [ 46%] [32mBuilding CXX object CMakeFiles/custom_interfaces__rosidl_typesupport_fastrtps_cpp.dir/rosidl_typesupport_fastrtps_cpp/custom_interfaces/msg/detail/dds_fastrtps/detection__type_support.cpp.o[0m
[1.096s] [ 48%] [32mBuilding CXX object CMakeFiles/custom_interfaces__rosidl_typesupport_fastrtps_cpp.dir/rosidl_typesupport_fastrtps_cpp/custom_interfaces/srv/detail/dds_fastrtps/set_bool__type_support.cpp.o[0m
[1.133s] [35m[1mScanning dependencies of target custom_interfaces__rosidl_typesupport_introspection_c[0m
[1.146s] [ 51%] [32mBuilding C object CMakeFiles/custom_interfaces__rosidl_typesupport_introspection_c.dir/rosidl_typesupport_introspection_c/custom_interfaces/msg/detail/detection__type_support.c.o[0m
[1.146s] [ 53%] [32mBuilding C object CMakeFiles/custom_interfaces__rosidl_typesupport_introspection_c.dir/rosidl_typesupport_introspection_c/custom_interfaces/srv/detail/set_bool__type_support.c.o[0m
[1.169s] [ 56%] [32m[1mLinking CXX shared library libcustom_interfaces__rosidl_typesupport_cpp.so[0m
[1.182s] [ 58%] [32m[1mLinking C shared library libcustom_interfaces__rosidl_typesupport_introspection_c.so[0m
[1.209s] [ 58%] Built target custom_interfaces__rosidl_typesupport_cpp
[1.213s] [ 58%] Built target custom_interfaces__rosidl_typesupport_introspection_c
[1.364s] [ 61%] [32m[1mLinking CXX shared library libcustom_interfaces__rosidl_typesupport_introspection_cpp.so[0m
[1.375s] [ 64%] [32m[1mLinking CXX shared library libcustom_interfaces__rosidl_typesupport_fastrtps_cpp.so[0m
[1.406s] [ 64%] Built target custom_interfaces__rosidl_typesupport_introspection_cpp
[1.429s] [ 64%] Built target custom_interfaces__rosidl_typesupport_fastrtps_cpp
[1.436s] [ 66%] [34m[1mGenerating C type support for eProsima Fast-RTPS[0m
[1.575s] [35m[1mScanning dependencies of target custom_interfaces__rosidl_typesupport_fastrtps_c[0m
[1.585s] [ 69%] [32mBuilding CXX object CMakeFiles/custom_interfaces__rosidl_typesupport_fastrtps_c.dir/rosidl_typesupport_fastrtps_c/custom_interfaces/msg/detail/detection__type_support_c.cpp.o[0m
[1.587s] [ 71%] [32mBuilding CXX object CMakeFiles/custom_interfaces__rosidl_typesupport_fastrtps_c.dir/rosidl_typesupport_fastrtps_c/custom_interfaces/srv/detail/set_bool__type_support_c.cpp.o[0m
[1.779s] [ 74%] [32m[1mLinking CXX shared library libcustom_interfaces__rosidl_typesupport_fastrtps_c.so[0m
[1.829s] [ 74%] Built target custom_interfaces__rosidl_typesupport_fastrtps_c
[1.834s] [35m[1mScanning dependencies of target custom_interfaces[0m
[1.840s] [ 74%] Built target custom_interfaces
[1.846s] [35m[1mScanning dependencies of target custom_interfaces__py[0m
[1.853s] [ 76%] [34m[1mGenerating Python code for ROS interfaces[0m
[2.141s] [ 76%] Built target custom_interfaces__py
[2.147s] [35m[1mScanning dependencies of target custom_interfaces__python[0m
[2.172s] [ 79%] [32mBuilding C object CMakeFiles/custom_interfaces__python.dir/rosidl_generator_py/custom_interfaces/msg/_detection_s.c.o[0m
[2.174s] [ 82%] [32mBuilding C object CMakeFiles/custom_interfaces__python.dir/rosidl_generator_py/custom_interfaces/srv/_set_bool_s.c.o[0m
[2.226s] [ 84%] [32m[1mLinking C shared library rosidl_generator_py/custom_interfaces/libcustom_interfaces__python.so[0m
[2.252s] [ 84%] Built target custom_interfaces__python
[2.259s] [35m[1mScanning dependencies of target custom_interfaces__rosidl_typesupport_introspection_c__pyext[0m
[2.259s] [35m[1mScanning dependencies of target custom_interfaces__rosidl_typesupport_fastrtps_c__pyext[0m
[2.260s] [35m[1mScanning dependencies of target custom_interfaces__rosidl_typesupport_c__pyext[0m
[2.272s] [ 89%] [32mBuilding C object CMakeFiles/custom_interfaces__rosidl_typesupport_introspection_c__pyext.dir/rosidl_generator_py/custom_interfaces/_custom_interfaces_s.ep.rosidl_typesupport_introspection_c.c.o[0m
[2.272s] [ 89%] [32mBuilding C object CMakeFiles/custom_interfaces__rosidl_typesupport_fastrtps_c__pyext.dir/rosidl_generator_py/custom_interfaces/_custom_interfaces_s.ep.rosidl_typesupport_fastrtps_c.c.o[0m
[2.273s] [ 92%] [32mBuilding C object CMakeFiles/custom_interfaces__rosidl_typesupport_c__pyext.dir/rosidl_generator_py/custom_interfaces/_custom_interfaces_s.ep.rosidl_typesupport_c.c.o[0m
[2.322s] [ 94%] [32m[1mLinking C shared library rosidl_generator_py/custom_interfaces/custom_interfaces_s__rosidl_typesupport_c.cpython-38-x86_64-linux-gnu.so[0m
[2.325s] [ 97%] [32m[1mLinking CXX shared library rosidl_generator_py/custom_interfaces/custom_interfaces_s__rosidl_typesupport_fastrtps_c.cpython-38-x86_64-linux-gnu.so[0m
[2.341s] [100%] [32m[1mLinking C shared library rosidl_generator_py/custom_interfaces/custom_interfaces_s__rosidl_typesupport_introspection_c.cpython-38-x86_64-linux-gnu.so[0m
[2.346s] [100%] Built target custom_interfaces__rosidl_typesupport_c__pyext
[2.366s] [100%] Built target custom_interfaces__rosidl_typesupport_introspection_c__pyext
[2.368s] [100%] Built target custom_interfaces__rosidl_typesupport_fastrtps_c__pyext
[2.375s] Invoked command in '/home/bot/yolo_ws/build/custom_interfaces' returned '0': CMAKE_PREFIX_PATH=${CMAKE_PREFIX_PATH}:/home/bot/msg_ws/install/py_pubsub:/opt/ros/galactic /usr/bin/cmake --build /home/bot/yolo_ws/build/custom_interfaces -- -j8 -l8
[2.416s] Invoking command in '/home/bot/yolo_ws/build/custom_interfaces': CMAKE_PREFIX_PATH=${CMAKE_PREFIX_PATH}:/home/bot/msg_ws/install/py_pubsub:/opt/ros/galactic /usr/bin/cmake --install /home/bot/yolo_ws/build/custom_interfaces
[2.421s] -- Install configuration: ""
[2.421s] -- Installing: /home/bot/yolo_ws/install/custom_interfaces/share/ament_index/resource_index/rosidl_interfaces/custom_interfaces
[2.421s] -- Installing: /home/bot/yolo_ws/install/custom_interfaces/include/custom_interfaces
[2.421s] -- Installing: /home/bot/yolo_ws/install/custom_interfaces/include/custom_interfaces/srv
[2.421s] -- Installing: /home/bot/yolo_ws/install/custom_interfaces/include/custom_interfaces/srv/set_bool.h
[2.421s] -- Installing: /home/bot/yolo_ws/install/custom_interfaces/include/custom_interfaces/srv/detail
[2.421s] -- Installing: /home/bot/yolo_ws/install/custom_interfaces/include/custom_interfaces/srv/detail/set_bool__type_support.h
[2.421s] -- Installing: /home/bot/yolo_ws/install/custom_interfaces/include/custom_interfaces/srv/detail/set_bool__struct.h
[2.421s] -- Installing: /home/bot/yolo_ws/install/custom_interfaces/include/custom_interfaces/srv/detail/set_bool__functions.c
[2.421s] -- Installing: /home/bot/yolo_ws/install/custom_interfaces/include/custom_interfaces/srv/detail/set_bool__functions.h
[2.421s] -- Installing: /home/bot/yolo_ws/install/custom_interfaces/include/custom_interfaces/msg
[2.422s] -- Installing: /home/bot/yolo_ws/install/custom_interfaces/include/custom_interfaces/msg/detection.h
[2.422s] -- Installing: /home/bot/yolo_ws/install/custom_interfaces/include/custom_interfaces/msg/rosidl_generator_c__visibility_control.h
[2.422s] -- Installing: /home/bot/yolo_ws/install/custom_interfaces/include/custom_interfaces/msg/detail
[2.422s] -- Installing: /home/bot/yolo_ws/install/custom_interfaces/include/custom_interfaces/msg/detail/detection__functions.c
[2.422s] -- Installing: /home/bot/yolo_ws/install/custom_interfaces/include/custom_interfaces/msg/detail/detection__type_support.h
[2.422s] -- Installing: /home/bot/yolo_ws/install/custom_interfaces/include/custom_interfaces/msg/detail/detection__functions.h
[2.422s] -- Installing: /home/bot/yolo_ws/install/custom_interfaces/include/custom_interfaces/msg/detail/detection__struct.h
[2.422s] -- Installing: /home/bot/yolo_ws/install/custom_interfaces/share/custom_interfaces/environment/library_path.sh
[2.422s] -- Installing: /home/bot/yolo_ws/install/custom_interfaces/share/custom_interfaces/environment/library_path.dsv
[2.422s] -- Installing: /home/bot/yolo_ws/install/custom_interfaces/lib/libcustom_interfaces__rosidl_generator_c.so
[2.422s] -- Set runtime path of "/home/bot/yolo_ws/install/custom_interfaces/lib/libcustom_interfaces__rosidl_generator_c.so" to ""
[2.422s] -- Up-to-date: /home/bot/yolo_ws/install/custom_interfaces/include/custom_interfaces
[2.422s] -- Up-to-date: /home/bot/yolo_ws/install/custom_interfaces/include/custom_interfaces/srv
[2.422s] -- Up-to-date: /home/bot/yolo_ws/install/custom_interfaces/include/custom_interfaces/srv/detail
[2.422s] -- Installing: /home/bot/yolo_ws/install/custom_interfaces/include/custom_interfaces/srv/detail/set_bool__rosidl_typesupport_fastrtps_c.h
[2.422s] -- Up-to-date: /home/bot/yolo_ws/install/custom_interfaces/include/custom_interfaces/msg
[2.422s] -- Installing: /home/bot/yolo_ws/install/custom_interfaces/include/custom_interfaces/msg/rosidl_typesupport_fastrtps_c__visibility_control.h
[2.422s] -- Up-to-date: /home/bot/yolo_ws/install/custom_interfaces/include/custom_interfaces/msg/detail
[2.422s] -- Installing: /home/bot/yolo_ws/install/custom_interfaces/include/custom_interfaces/msg/detail/detection__rosidl_typesupport_fastrtps_c.h
[2.422s] -- Installing: /home/bot/yolo_ws/install/custom_interfaces/lib/libcustom_interfaces__rosidl_typesupport_fastrtps_c.so
[2.422s] -- Set runtime path of "/home/bot/yolo_ws/install/custom_interfaces/lib/libcustom_interfaces__rosidl_typesupport_fastrtps_c.so" to ""
[2.422s] -- Up-to-date: /home/bot/yolo_ws/install/custom_interfaces/include/custom_interfaces
[2.422s] -- Up-to-date: /home/bot/yolo_ws/install/custom_interfaces/include/custom_interfaces/srv
[2.422s] -- Up-to-date: /home/bot/yolo_ws/install/custom_interfaces/include/custom_interfaces/srv/detail
[2.422s] -- Installing: /home/bot/yolo_ws/install/custom_interfaces/include/custom_interfaces/srv/detail/set_bool__rosidl_typesupport_fastrtps_cpp.hpp
[2.422s] -- Installing: /home/bot/yolo_ws/install/custom_interfaces/include/custom_interfaces/srv/detail/dds_fastrtps
[2.422s] -- Up-to-date: /home/bot/yolo_ws/install/custom_interfaces/include/custom_interfaces/msg
[2.423s] -- Installing: /home/bot/yolo_ws/install/custom_interfaces/include/custom_interfaces/msg/rosidl_typesupport_fastrtps_cpp__visibility_control.h
[2.423s] -- Up-to-date: /home/bot/yolo_ws/install/custom_interfaces/include/custom_interfaces/msg/detail
[2.423s] -- Installing: /home/bot/yolo_ws/install/custom_interfaces/include/custom_interfaces/msg/detail/detection__rosidl_typesupport_fastrtps_cpp.hpp
[2.423s] -- Installing: /home/bot/yolo_ws/install/custom_interfaces/include/custom_interfaces/msg/detail/dds_fastrtps
[2.423s] -- Installing: /home/bot/yolo_ws/install/custom_interfaces/lib/libcustom_interfaces__rosidl_typesupport_fastrtps_cpp.so
[2.423s] -- Set runtime path of "/home/bot/yolo_ws/install/custom_interfaces/lib/libcustom_interfaces__rosidl_typesupport_fastrtps_cpp.so" to ""
[2.423s] -- Up-to-date: /home/bot/yolo_ws/install/custom_interfaces/include/custom_interfaces
[2.423s] -- Up-to-date: /home/bot/yolo_ws/install/custom_interfaces/include/custom_interfaces/srv
[2.423s] -- Up-to-date: /home/bot/yolo_ws/install/custom_interfaces/include/custom_interfaces/srv/detail
[2.423s] -- Installing: /home/bot/yolo_ws/install/custom_interfaces/include/custom_interfaces/srv/detail/set_bool__rosidl_typesupport_introspection_c.h
[2.423s] -- Installing: /home/bot/yolo_ws/install/custom_interfaces/include/custom_interfaces/srv/detail/set_bool__type_support.c
[2.423s] -- Up-to-date: /home/bot/yolo_ws/install/custom_interfaces/include/custom_interfaces/msg
[2.423s] -- Up-to-date: /home/bot/yolo_ws/install/custom_interfaces/include/custom_interfaces/msg/detail
[2.423s] -- Installing: /home/bot/yolo_ws/install/custom_interfaces/include/custom_interfaces/msg/detail/detection__type_support.c
[2.423s] -- Installing: /home/bot/yolo_ws/install/custom_interfaces/include/custom_interfaces/msg/detail/detection__rosidl_typesupport_introspection_c.h
[2.423s] -- Installing: /home/bot/yolo_ws/install/custom_interfaces/include/custom_interfaces/msg/rosidl_typesupport_introspection_c__visibility_control.h
[2.423s] -- Installing: /home/bot/yolo_ws/install/custom_interfaces/lib/libcustom_interfaces__rosidl_typesupport_introspection_c.so
[2.423s] -- Set runtime path of "/home/bot/yolo_ws/install/custom_interfaces/lib/libcustom_interfaces__rosidl_typesupport_introspection_c.so" to ""
[2.423s] -- Installing: /home/bot/yolo_ws/install/custom_interfaces/lib/libcustom_interfaces__rosidl_typesupport_c.so
[2.423s] -- Set runtime path of "/home/bot/yolo_ws/install/custom_interfaces/lib/libcustom_interfaces__rosidl_typesupport_c.so" to ""
[2.423s] -- Up-to-date: /home/bot/yolo_ws/install/custom_interfaces/include/custom_interfaces
[2.423s] -- Up-to-date: /home/bot/yolo_ws/install/custom_interfaces/include/custom_interfaces/srv
[2.424s] -- Installing: /home/bot/yolo_ws/install/custom_interfaces/include/custom_interfaces/srv/set_bool.hpp
[2.424s] -- Up-to-date: /home/bot/yolo_ws/install/custom_interfaces/include/custom_interfaces/srv/detail
[2.424s] -- Installing: /home/bot/yolo_ws/install/custom_interfaces/include/custom_interfaces/srv/detail/set_bool__traits.hpp
[2.424s] -- Installing: /home/bot/yolo_ws/install/custom_interfaces/include/custom_interfaces/srv/detail/set_bool__struct.hpp
[2.424s] -- Installing: /home/bot/yolo_ws/install/custom_interfaces/include/custom_interfaces/srv/detail/set_bool__builder.hpp
[2.424s] -- Up-to-date: /home/bot/yolo_ws/install/custom_interfaces/include/custom_interfaces/msg
[2.424s] -- Installing: /home/bot/yolo_ws/install/custom_interfaces/include/custom_interfaces/msg/detection.hpp
[2.424s] -- Up-to-date: /home/bot/yolo_ws/install/custom_interfaces/include/custom_interfaces/msg/detail
[2.424s] -- Installing: /home/bot/yolo_ws/install/custom_interfaces/include/custom_interfaces/msg/detail/detection__traits.hpp
[2.424s] -- Installing: /home/bot/yolo_ws/install/custom_interfaces/include/custom_interfaces/msg/detail/detection__builder.hpp
[2.424s] -- Installing: /home/bot/yolo_ws/install/custom_interfaces/include/custom_interfaces/msg/detail/detection__struct.hpp
[2.424s] -- Up-to-date: /home/bot/yolo_ws/install/custom_interfaces/include/custom_interfaces
[2.424s] -- Up-to-date: /home/bot/yolo_ws/install/custom_interfaces/include/custom_interfaces/srv
[2.424s] -- Up-to-date: /home/bot/yolo_ws/install/custom_interfaces/include/custom_interfaces/srv/detail
[2.424s] -- Installing: /home/bot/yolo_ws/install/custom_interfaces/include/custom_interfaces/srv/detail/set_bool__rosidl_typesupport_introspection_cpp.hpp
[2.424s] -- Installing: /home/bot/yolo_ws/install/custom_interfaces/include/custom_interfaces/srv/detail/set_bool__type_support.cpp
[2.424s] -- Up-to-date: /home/bot/yolo_ws/install/custom_interfaces/include/custom_interfaces/msg
[2.424s] -- Up-to-date: /home/bot/yolo_ws/install/custom_interfaces/include/custom_interfaces/msg/detail
[2.424s] -- Installing: /home/bot/yolo_ws/install/custom_interfaces/include/custom_interfaces/msg/detail/detection__rosidl_typesupport_introspection_cpp.hpp
[2.424s] -- Installing: /home/bot/yolo_ws/install/custom_interfaces/include/custom_interfaces/msg/detail/detection__type_support.cpp
[2.424s] -- Installing: /home/bot/yolo_ws/install/custom_interfaces/lib/libcustom_interfaces__rosidl_typesupport_introspection_cpp.so
[2.424s] -- Set runtime path of "/home/bot/yolo_ws/install/custom_interfaces/lib/libcustom_interfaces__rosidl_typesupport_introspection_cpp.so" to ""
[2.424s] -- Installing: /home/bot/yolo_ws/install/custom_interfaces/lib/libcustom_interfaces__rosidl_typesupport_cpp.so
[2.425s] -- Set runtime path of "/home/bot/yolo_ws/install/custom_interfaces/lib/libcustom_interfaces__rosidl_typesupport_cpp.so" to ""
[2.425s] -- Installing: /home/bot/yolo_ws/install/custom_interfaces/share/custom_interfaces/environment/pythonpath.sh
[2.425s] -- Installing: /home/bot/yolo_ws/install/custom_interfaces/share/custom_interfaces/environment/pythonpath.dsv
[2.425s] -- Installing: /home/bot/yolo_ws/install/custom_interfaces/lib/python3.8/site-packages/custom_interfaces/__init__.py
[2.443s] Compiling '/home/bot/yolo_ws/install/custom_interfaces/lib/python3.8/site-packages/custom_interfaces/__init__.py'...
[2.445s] -- Installing: /home/bot/yolo_ws/install/custom_interfaces/lib/python3.8/site-packages/custom_interfaces/msg
[2.446s] -- Installing: /home/bot/yolo_ws/install/custom_interfaces/lib/python3.8/site-packages/custom_interfaces/msg/_detection.py
[2.446s] -- Installing: /home/bot/yolo_ws/install/custom_interfaces/lib/python3.8/site-packages/custom_interfaces/msg/__init__.py
[2.446s] -- Installing: /home/bot/yolo_ws/install/custom_interfaces/lib/python3.8/site-packages/custom_interfaces/msg/_detection_s.c
[2.446s] -- Installing: /home/bot/yolo_ws/install/custom_interfaces/lib/python3.8/site-packages/custom_interfaces/srv
[2.446s] -- Installing: /home/bot/yolo_ws/install/custom_interfaces/lib/python3.8/site-packages/custom_interfaces/srv/__init__.py
[2.446s] -- Installing: /home/bot/yolo_ws/install/custom_interfaces/lib/python3.8/site-packages/custom_interfaces/srv/_set_bool.py
[2.446s] -- Installing: /home/bot/yolo_ws/install/custom_interfaces/lib/python3.8/site-packages/custom_interfaces/srv/_set_bool_s.c
[2.446s] -- Installing: /home/bot/yolo_ws/install/custom_interfaces/lib/python3.8/site-packages/custom_interfaces/custom_interfaces_s__rosidl_typesupport_fastrtps_c.cpython-38-x86_64-linux-gnu.so
[2.446s] -- Set runtime path of "/home/bot/yolo_ws/install/custom_interfaces/lib/python3.8/site-packages/custom_interfaces/custom_interfaces_s__rosidl_typesupport_fastrtps_c.cpython-38-x86_64-linux-gnu.so" to ""
[2.447s] -- Installing: /home/bot/yolo_ws/install/custom_interfaces/lib/python3.8/site-packages/custom_interfaces/custom_interfaces_s__rosidl_typesupport_introspection_c.cpython-38-x86_64-linux-gnu.so
[2.447s] -- Set runtime path of "/home/bot/yolo_ws/install/custom_interfaces/lib/python3.8/site-packages/custom_interfaces/custom_interfaces_s__rosidl_typesupport_introspection_c.cpython-38-x86_64-linux-gnu.so" to ""
[2.447s] -- Installing: /home/bot/yolo_ws/install/custom_interfaces/lib/python3.8/site-packages/custom_interfaces/custom_interfaces_s__rosidl_typesupport_c.cpython-38-x86_64-linux-gnu.so
[2.447s] -- Set runtime path of "/home/bot/yolo_ws/install/custom_interfaces/lib/python3.8/site-packages/custom_interfaces/custom_interfaces_s__rosidl_typesupport_c.cpython-38-x86_64-linux-gnu.so" to ""
[2.447s] -- Installing: /home/bot/yolo_ws/install/custom_interfaces/lib/libcustom_interfaces__python.so
[2.447s] -- Set runtime path of "/home/bot/yolo_ws/install/custom_interfaces/lib/libcustom_interfaces__python.so" to ""
[2.448s] -- Installing: /home/bot/yolo_ws/install/custom_interfaces/share/custom_interfaces/msg/Detection.idl
[2.448s] -- Installing: /home/bot/yolo_ws/install/custom_interfaces/share/custom_interfaces/srv/SetBool.idl
[2.448s] -- Installing: /home/bot/yolo_ws/install/custom_interfaces/share/custom_interfaces/msg/Detection.msg
[2.448s] -- Installing: /home/bot/yolo_ws/install/custom_interfaces/share/custom_interfaces/srv/SetBool.srv
[2.448s] -- Installing: /home/bot/yolo_ws/install/custom_interfaces/share/custom_interfaces/srv/SetBool_Request.msg
[2.448s] -- Installing: /home/bot/yolo_ws/install/custom_interfaces/share/custom_interfaces/srv/SetBool_Response.msg
[2.448s] -- Installing: /home/bot/yolo_ws/install/custom_interfaces/share/ament_index/resource_index/package_run_dependencies/custom_interfaces
[2.448s] -- Installing: /home/bot/yolo_ws/install/custom_interfaces/share/ament_index/resource_index/parent_prefix_path/custom_interfaces
[2.448s] -- Installing: /home/bot/yolo_ws/install/custom_interfaces/share/custom_interfaces/environment/ament_prefix_path.sh
[2.448s] -- Installing: /home/bot/yolo_ws/install/custom_interfaces/share/custom_interfaces/environment/ament_prefix_path.dsv
[2.448s] -- Installing: /home/bot/yolo_ws/install/custom_interfaces/share/custom_interfaces/environment/path.sh
[2.448s] -- Installing: /home/bot/yolo_ws/install/custom_interfaces/share/custom_interfaces/environment/path.dsv
[2.448s] -- Installing: /home/bot/yolo_ws/install/custom_interfaces/share/custom_interfaces/local_setup.bash
[2.449s] -- Installing: /home/bot/yolo_ws/install/custom_interfaces/share/custom_interfaces/local_setup.sh
[2.449s] -- Installing: /home/bot/yolo_ws/install/custom_interfaces/share/custom_interfaces/local_setup.zsh
[2.449s] -- Installing: /home/bot/yolo_ws/install/custom_interfaces/share/custom_interfaces/local_setup.dsv
[2.449s] -- Installing: /home/bot/yolo_ws/install/custom_interfaces/share/custom_interfaces/package.dsv
[2.449s] -- Installing: /home/bot/yolo_ws/install/custom_interfaces/share/ament_index/resource_index/packages/custom_interfaces
[2.449s] -- Installing: /home/bot/yolo_ws/install/custom_interfaces/share/custom_interfaces/cmake/custom_interfaces__rosidl_generator_cExport.cmake
[2.449s] -- Installing: /home/bot/yolo_ws/install/custom_interfaces/share/custom_interfaces/cmake/custom_interfaces__rosidl_generator_cExport-noconfig.cmake
[2.449s] -- Installing: /home/bot/yolo_ws/install/custom_interfaces/share/custom_interfaces/cmake/custom_interfaces__rosidl_typesupport_introspection_cExport.cmake
[2.449s] -- Installing: /home/bot/yolo_ws/install/custom_interfaces/share/custom_interfaces/cmake/custom_interfaces__rosidl_typesupport_introspection_cExport-noconfig.cmake
[2.449s] -- Installing: /home/bot/yolo_ws/install/custom_interfaces/share/custom_interfaces/cmake/custom_interfaces__rosidl_typesupport_cExport.cmake
[2.449s] -- Installing: /home/bot/yolo_ws/install/custom_interfaces/share/custom_interfaces/cmake/custom_interfaces__rosidl_typesupport_cExport-noconfig.cmake
[2.449s] -- Installing: /home/bot/yolo_ws/install/custom_interfaces/share/custom_interfaces/cmake/custom_interfaces__rosidl_generator_cppExport.cmake
[2.450s] -- Installing: /home/bot/yolo_ws/install/custom_interfaces/share/custom_interfaces/cmake/custom_interfaces__rosidl_typesupport_introspection_cppExport.cmake
[2.450s] -- Installing: /home/bot/yolo_ws/install/custom_interfaces/share/custom_interfaces/cmake/custom_interfaces__rosidl_typesupport_introspection_cppExport-noconfig.cmake
[2.450s] -- Installing: /home/bot/yolo_ws/install/custom_interfaces/share/custom_interfaces/cmake/custom_interfaces__rosidl_typesupport_cppExport.cmake
[2.450s] -- Installing: /home/bot/yolo_ws/install/custom_interfaces/share/custom_interfaces/cmake/custom_interfaces__rosidl_typesupport_cppExport-noconfig.cmake
[2.450s] -- Installing: /home/bot/yolo_ws/install/custom_interfaces/share/custom_interfaces/cmake/rosidl_cmake-extras.cmake
[2.450s] -- Installing: /home/bot/yolo_ws/install/custom_interfaces/share/custom_interfaces/cmake/ament_cmake_export_dependencies-extras.cmake
[2.450s] -- Installing: /home/bot/yolo_ws/install/custom_interfaces/share/custom_interfaces/cmake/ament_cmake_export_libraries-extras.cmake
[2.450s] -- Installing: /home/bot/yolo_ws/install/custom_interfaces/share/custom_interfaces/cmake/ament_cmake_export_targets-extras.cmake
[2.450s] -- Installing: /home/bot/yolo_ws/install/custom_interfaces/share/custom_interfaces/cmake/ament_cmake_export_include_directories-extras.cmake
[2.450s] -- Installing: /home/bot/yolo_ws/install/custom_interfaces/share/custom_interfaces/cmake/rosidl_cmake_export_typesupport_libraries-extras.cmake
[2.450s] -- Installing: /home/bot/yolo_ws/install/custom_interfaces/share/custom_interfaces/cmake/rosidl_cmake_export_typesupport_targets-extras.cmake
[2.450s] -- Installing: /home/bot/yolo_ws/install/custom_interfaces/share/custom_interfaces/cmake/custom_interfacesConfig.cmake
[2.450s] -- Installing: /home/bot/yolo_ws/install/custom_interfaces/share/custom_interfaces/cmake/custom_interfacesConfig-version.cmake
[2.450s] -- Installing: /home/bot/yolo_ws/install/custom_interfaces/share/custom_interfaces/package.xml
[2.453s] Invoked command in '/home/bot/yolo_ws/build/custom_interfaces' returned '0': CMAKE_PREFIX_PATH=${CMAKE_PREFIX_PATH}:/home/bot/msg_ws/install/py_pubsub:/opt/ros/galactic /usr/bin/cmake --install /home/bot/yolo_ws/build/custom_interfaces
