[0.339s] DEBUG:colcon:Command line arguments: ['/home/bot/.local/bin/colcon', 'build', '--packages-select', 'object_detection']
[0.339s] DEBUG:colcon:Parsed command line arguments: Namespace(ament_cmake_args=None, base_paths=['.'], build_base='build', catkin_cmake_args=None, catkin_skip_building_tests=False, cmake_args=None, cmake_clean_cache=False, cmake_clean_first=False, cmake_force_configure=False, cmake_target=None, cmake_target_skip_unavailable=False, continue_on_error=False, event_handlers=None, executor='parallel', ignore_user_meta=False, install_base='install', log_base=None, log_level=None, main=<bound method BuildVerb.main of <colcon_core.verb.build.BuildVerb object at 0x7fb6a8e4c490>>, merge_install=False, metas=['./colcon.meta'], packages_above=None, packages_above_and_dependencies=None, packages_above_depth=None, packages_end=None, packages_ignore=None, packages_ignore_regex=None, packages_select=['object_detection'], packages_select_build_failed=False, packages_select_by_dep=None, packages_select_regex=None, packages_select_test_failures=False, packages_skip=None, packages_skip_build_finished=False, packages_skip_by_dep=None, packages_skip_regex=None, packages_skip_test_passed=False, packages_skip_up_to=None, packages_start=None, packages_up_to=None, packages_up_to_regex=None, parallel_workers=8, paths=None, symlink_install=False, test_result_base=None, verb_extension=<colcon_core.verb.build.BuildVerb object at 0x7fb6a8e4c490>, verb_name='build', verb_parser=<colcon_defaults.argument_parser.defaults.DefaultArgumentsDecorator object at 0x7fb6a8e4c9d0>)
[0.363s] Level 1:colcon.colcon_core.package_discovery:discover_packages(colcon_meta) check parameters
[0.363s] Level 1:colcon.colcon_core.package_discovery:discover_packages(recursive) check parameters
[0.363s] Level 1:colcon.colcon_core.package_discovery:discover_packages(ignore) check parameters
[0.363s] Level 1:colcon.colcon_core.package_discovery:discover_packages(path) check parameters
[0.363s] Level 1:colcon.colcon_core.package_discovery:discover_packages(colcon_meta) discover
[0.363s] Level 1:colcon.colcon_core.package_discovery:discover_packages(recursive) discover
[0.363s] INFO:colcon.colcon_core.package_discovery:Crawling recursively for packages in '/home/bot/yolo_ws'
[0.364s] Level 1:colcon.colcon_core.package_identification:_identify(.) by extensions ['ignore', 'ignore_ament_install']
[0.364s] Level 1:colcon.colcon_core.package_identification:_identify(.) by extension 'ignore'
[0.364s] Level 1:colcon.colcon_core.package_identification:_identify(.) by extension 'ignore_ament_install'
[0.364s] Level 1:colcon.colcon_core.package_identification:_identify(.) by extensions ['colcon_pkg']
[0.364s] Level 1:colcon.colcon_core.package_identification:_identify(.) by extension 'colcon_pkg'
[0.364s] Level 1:colcon.colcon_core.package_identification:_identify(.) by extensions ['colcon_meta']
[0.364s] Level 1:colcon.colcon_core.package_identification:_identify(.) by extension 'colcon_meta'
[0.364s] Level 1:colcon.colcon_core.package_identification:_identify(.) by extensions ['ros']
[0.364s] Level 1:colcon.colcon_core.package_identification:_identify(.) by extension 'ros'
[0.372s] Level 1:colcon.colcon_core.package_identification:_identify(.) by extensions ['cmake', 'python']
[0.372s] Level 1:colcon.colcon_core.package_identification:_identify(.) by extension 'cmake'
[0.372s] Level 1:colcon.colcon_core.package_identification:_identify(.) by extension 'python'
[0.372s] Level 1:colcon.colcon_core.package_identification:_identify(.) by extensions ['python_setup_py']
[0.372s] Level 1:colcon.colcon_core.package_identification:_identify(.) by extension 'python_setup_py'
[0.372s] Level 1:colcon.colcon_core.package_identification:_identify(build) by extensions ['ignore', 'ignore_ament_install']
[0.372s] Level 1:colcon.colcon_core.package_identification:_identify(build) by extension 'ignore'
[0.372s] Level 1:colcon.colcon_core.package_identification:_identify(build) ignored
[0.372s] Level 1:colcon.colcon_core.package_identification:_identify(install) by extensions ['ignore', 'ignore_ament_install']
[0.372s] Level 1:colcon.colcon_core.package_identification:_identify(install) by extension 'ignore'
[0.372s] Level 1:colcon.colcon_core.package_identification:_identify(install) ignored
[0.372s] Level 1:colcon.colcon_core.package_identification:_identify(log) by extensions ['ignore', 'ignore_ament_install']
[0.372s] Level 1:colcon.colcon_core.package_identification:_identify(log) by extension 'ignore'
[0.372s] Level 1:colcon.colcon_core.package_identification:_identify(log) ignored
[0.372s] Level 1:colcon.colcon_core.package_identification:_identify(rlt) by extensions ['ignore', 'ignore_ament_install']
[0.372s] Level 1:colcon.colcon_core.package_identification:_identify(rlt) by extension 'ignore'
[0.372s] Level 1:colcon.colcon_core.package_identification:_identify(rlt) by extension 'ignore_ament_install'
[0.372s] Level 1:colcon.colcon_core.package_identification:_identify(rlt) by extensions ['colcon_pkg']
[0.372s] Level 1:colcon.colcon_core.package_identification:_identify(rlt) by extension 'colcon_pkg'
[0.372s] Level 1:colcon.colcon_core.package_identification:_identify(rlt) by extensions ['colcon_meta']
[0.372s] Level 1:colcon.colcon_core.package_identification:_identify(rlt) by extension 'colcon_meta'
[0.372s] Level 1:colcon.colcon_core.package_identification:_identify(rlt) by extensions ['ros']
[0.373s] Level 1:colcon.colcon_core.package_identification:_identify(rlt) by extension 'ros'
[0.373s] Level 1:colcon.colcon_core.package_identification:_identify(rlt) by extensions ['cmake', 'python']
[0.373s] Level 1:colcon.colcon_core.package_identification:_identify(rlt) by extension 'cmake'
[0.373s] Level 1:colcon.colcon_core.package_identification:_identify(rlt) by extension 'python'
[0.373s] Level 1:colcon.colcon_core.package_identification:_identify(rlt) by extensions ['python_setup_py']
[0.373s] Level 1:colcon.colcon_core.package_identification:_identify(rlt) by extension 'python_setup_py'
[0.373s] Level 1:colcon.colcon_core.package_identification:_identify(rlt/rlt) by extensions ['ignore', 'ignore_ament_install']
[0.373s] Level 1:colcon.colcon_core.package_identification:_identify(rlt/rlt) by extension 'ignore'
[0.373s] Level 1:colcon.colcon_core.package_identification:_identify(rlt/rlt) by extension 'ignore_ament_install'
[0.373s] Level 1:colcon.colcon_core.package_identification:_identify(rlt/rlt) by extensions ['colcon_pkg']
[0.373s] Level 1:colcon.colcon_core.package_identification:_identify(rlt/rlt) by extension 'colcon_pkg'
[0.373s] Level 1:colcon.colcon_core.package_identification:_identify(rlt/rlt) by extensions ['colcon_meta']
[0.373s] Level 1:colcon.colcon_core.package_identification:_identify(rlt/rlt) by extension 'colcon_meta'
[0.373s] Level 1:colcon.colcon_core.package_identification:_identify(rlt/rlt) by extensions ['ros']
[0.373s] Level 1:colcon.colcon_core.package_identification:_identify(rlt/rlt) by extension 'ros'
[0.373s] Level 1:colcon.colcon_core.package_identification:_identify(rlt/rlt) by extensions ['cmake', 'python']
[0.373s] Level 1:colcon.colcon_core.package_identification:_identify(rlt/rlt) by extension 'cmake'
[0.373s] Level 1:colcon.colcon_core.package_identification:_identify(rlt/rlt) by extension 'python'
[0.373s] Level 1:colcon.colcon_core.package_identification:_identify(rlt/rlt) by extensions ['python_setup_py']
[0.373s] Level 1:colcon.colcon_core.package_identification:_identify(rlt/rlt) by extension 'python_setup_py'
[0.373s] Level 1:colcon.colcon_core.package_identification:_identify(rlt/rlt10) by extensions ['ignore', 'ignore_ament_install']
[0.373s] Level 1:colcon.colcon_core.package_identification:_identify(rlt/rlt10) by extension 'ignore'
[0.373s] Level 1:colcon.colcon_core.package_identification:_identify(rlt/rlt10) by extension 'ignore_ament_install'
[0.373s] Level 1:colcon.colcon_core.package_identification:_identify(rlt/rlt10) by extensions ['colcon_pkg']
[0.373s] Level 1:colcon.colcon_core.package_identification:_identify(rlt/rlt10) by extension 'colcon_pkg'
[0.373s] Level 1:colcon.colcon_core.package_identification:_identify(rlt/rlt10) by extensions ['colcon_meta']
[0.373s] Level 1:colcon.colcon_core.package_identification:_identify(rlt/rlt10) by extension 'colcon_meta'
[0.373s] Level 1:colcon.colcon_core.package_identification:_identify(rlt/rlt10) by extensions ['ros']
[0.373s] Level 1:colcon.colcon_core.package_identification:_identify(rlt/rlt10) by extension 'ros'
[0.373s] Level 1:colcon.colcon_core.package_identification:_identify(rlt/rlt10) by extensions ['cmake', 'python']
[0.373s] Level 1:colcon.colcon_core.package_identification:_identify(rlt/rlt10) by extension 'cmake'
[0.373s] Level 1:colcon.colcon_core.package_identification:_identify(rlt/rlt10) by extension 'python'
[0.373s] Level 1:colcon.colcon_core.package_identification:_identify(rlt/rlt10) by extensions ['python_setup_py']
[0.373s] Level 1:colcon.colcon_core.package_identification:_identify(rlt/rlt10) by extension 'python_setup_py'
[0.373s] Level 1:colcon.colcon_core.package_identification:_identify(rlt/rlt11) by extensions ['ignore', 'ignore_ament_install']
[0.373s] Level 1:colcon.colcon_core.package_identification:_identify(rlt/rlt11) by extension 'ignore'
[0.373s] Level 1:colcon.colcon_core.package_identification:_identify(rlt/rlt11) by extension 'ignore_ament_install'
[0.373s] Level 1:colcon.colcon_core.package_identification:_identify(rlt/rlt11) by extensions ['colcon_pkg']
[0.373s] Level 1:colcon.colcon_core.package_identification:_identify(rlt/rlt11) by extension 'colcon_pkg'
[0.374s] Level 1:colcon.colcon_core.package_identification:_identify(rlt/rlt11) by extensions ['colcon_meta']
[0.374s] Level 1:colcon.colcon_core.package_identification:_identify(rlt/rlt11) by extension 'colcon_meta'
[0.374s] Level 1:colcon.colcon_core.package_identification:_identify(rlt/rlt11) by extensions ['ros']
[0.374s] Level 1:colcon.colcon_core.package_identification:_identify(rlt/rlt11) by extension 'ros'
[0.374s] Level 1:colcon.colcon_core.package_identification:_identify(rlt/rlt11) by extensions ['cmake', 'python']
[0.374s] Level 1:colcon.colcon_core.package_identification:_identify(rlt/rlt11) by extension 'cmake'
[0.374s] Level 1:colcon.colcon_core.package_identification:_identify(rlt/rlt11) by extension 'python'
[0.374s] Level 1:colcon.colcon_core.package_identification:_identify(rlt/rlt11) by extensions ['python_setup_py']
[0.374s] Level 1:colcon.colcon_core.package_identification:_identify(rlt/rlt11) by extension 'python_setup_py'
[0.374s] Level 1:colcon.colcon_core.package_identification:_identify(rlt/rlt12) by extensions ['ignore', 'ignore_ament_install']
[0.374s] Level 1:colcon.colcon_core.package_identification:_identify(rlt/rlt12) by extension 'ignore'
[0.374s] Level 1:colcon.colcon_core.package_identification:_identify(rlt/rlt12) by extension 'ignore_ament_install'
[0.374s] Level 1:colcon.colcon_core.package_identification:_identify(rlt/rlt12) by extensions ['colcon_pkg']
[0.374s] Level 1:colcon.colcon_core.package_identification:_identify(rlt/rlt12) by extension 'colcon_pkg'
[0.374s] Level 1:colcon.colcon_core.package_identification:_identify(rlt/rlt12) by extensions ['colcon_meta']
[0.374s] Level 1:colcon.colcon_core.package_identification:_identify(rlt/rlt12) by extension 'colcon_meta'
[0.374s] Level 1:colcon.colcon_core.package_identification:_identify(rlt/rlt12) by extensions ['ros']
[0.374s] Level 1:colcon.colcon_core.package_identification:_identify(rlt/rlt12) by extension 'ros'
[0.374s] Level 1:colcon.colcon_core.package_identification:_identify(rlt/rlt12) by extensions ['cmake', 'python']
[0.374s] Level 1:colcon.colcon_core.package_identification:_identify(rlt/rlt12) by extension 'cmake'
[0.374s] Level 1:colcon.colcon_core.package_identification:_identify(rlt/rlt12) by extension 'python'
[0.374s] Level 1:colcon.colcon_core.package_identification:_identify(rlt/rlt12) by extensions ['python_setup_py']
[0.374s] Level 1:colcon.colcon_core.package_identification:_identify(rlt/rlt12) by extension 'python_setup_py'
[0.374s] Level 1:colcon.colcon_core.package_identification:_identify(rlt/rlt13) by extensions ['ignore', 'ignore_ament_install']
[0.374s] Level 1:colcon.colcon_core.package_identification:_identify(rlt/rlt13) by extension 'ignore'
[0.374s] Level 1:colcon.colcon_core.package_identification:_identify(rlt/rlt13) by extension 'ignore_ament_install'
[0.374s] Level 1:colcon.colcon_core.package_identification:_identify(rlt/rlt13) by extensions ['colcon_pkg']
[0.374s] Level 1:colcon.colcon_core.package_identification:_identify(rlt/rlt13) by extension 'colcon_pkg'
[0.374s] Level 1:colcon.colcon_core.package_identification:_identify(rlt/rlt13) by extensions ['colcon_meta']
[0.374s] Level 1:colcon.colcon_core.package_identification:_identify(rlt/rlt13) by extension 'colcon_meta'
[0.374s] Level 1:colcon.colcon_core.package_identification:_identify(rlt/rlt13) by extensions ['ros']
[0.374s] Level 1:colcon.colcon_core.package_identification:_identify(rlt/rlt13) by extension 'ros'
[0.374s] Level 1:colcon.colcon_core.package_identification:_identify(rlt/rlt13) by extensions ['cmake', 'python']
[0.374s] Level 1:colcon.colcon_core.package_identification:_identify(rlt/rlt13) by extension 'cmake'
[0.374s] Level 1:colcon.colcon_core.package_identification:_identify(rlt/rlt13) by extension 'python'
[0.374s] Level 1:colcon.colcon_core.package_identification:_identify(rlt/rlt13) by extensions ['python_setup_py']
[0.374s] Level 1:colcon.colcon_core.package_identification:_identify(rlt/rlt13) by extension 'python_setup_py'
[0.374s] Level 1:colcon.colcon_core.package_identification:_identify(rlt/rlt14) by extensions ['ignore', 'ignore_ament_install']
[0.374s] Level 1:colcon.colcon_core.package_identification:_identify(rlt/rlt14) by extension 'ignore'
[0.374s] Level 1:colcon.colcon_core.package_identification:_identify(rlt/rlt14) by extension 'ignore_ament_install'
[0.375s] Level 1:colcon.colcon_core.package_identification:_identify(rlt/rlt14) by extensions ['colcon_pkg']
[0.375s] Level 1:colcon.colcon_core.package_identification:_identify(rlt/rlt14) by extension 'colcon_pkg'
[0.375s] Level 1:colcon.colcon_core.package_identification:_identify(rlt/rlt14) by extensions ['colcon_meta']
[0.375s] Level 1:colcon.colcon_core.package_identification:_identify(rlt/rlt14) by extension 'colcon_meta'
[0.375s] Level 1:colcon.colcon_core.package_identification:_identify(rlt/rlt14) by extensions ['ros']
[0.375s] Level 1:colcon.colcon_core.package_identification:_identify(rlt/rlt14) by extension 'ros'
[0.375s] Level 1:colcon.colcon_core.package_identification:_identify(rlt/rlt14) by extensions ['cmake', 'python']
[0.375s] Level 1:colcon.colcon_core.package_identification:_identify(rlt/rlt14) by extension 'cmake'
[0.375s] Level 1:colcon.colcon_core.package_identification:_identify(rlt/rlt14) by extension 'python'
[0.375s] Level 1:colcon.colcon_core.package_identification:_identify(rlt/rlt14) by extensions ['python_setup_py']
[0.375s] Level 1:colcon.colcon_core.package_identification:_identify(rlt/rlt14) by extension 'python_setup_py'
[0.375s] Level 1:colcon.colcon_core.package_identification:_identify(rlt/rlt2) by extensions ['ignore', 'ignore_ament_install']
[0.375s] Level 1:colcon.colcon_core.package_identification:_identify(rlt/rlt2) by extension 'ignore'
[0.375s] Level 1:colcon.colcon_core.package_identification:_identify(rlt/rlt2) by extension 'ignore_ament_install'
[0.375s] Level 1:colcon.colcon_core.package_identification:_identify(rlt/rlt2) by extensions ['colcon_pkg']
[0.375s] Level 1:colcon.colcon_core.package_identification:_identify(rlt/rlt2) by extension 'colcon_pkg'
[0.375s] Level 1:colcon.colcon_core.package_identification:_identify(rlt/rlt2) by extensions ['colcon_meta']
[0.375s] Level 1:colcon.colcon_core.package_identification:_identify(rlt/rlt2) by extension 'colcon_meta'
[0.375s] Level 1:colcon.colcon_core.package_identification:_identify(rlt/rlt2) by extensions ['ros']
[0.375s] Level 1:colcon.colcon_core.package_identification:_identify(rlt/rlt2) by extension 'ros'
[0.375s] Level 1:colcon.colcon_core.package_identification:_identify(rlt/rlt2) by extensions ['cmake', 'python']
[0.375s] Level 1:colcon.colcon_core.package_identification:_identify(rlt/rlt2) by extension 'cmake'
[0.375s] Level 1:colcon.colcon_core.package_identification:_identify(rlt/rlt2) by extension 'python'
[0.375s] Level 1:colcon.colcon_core.package_identification:_identify(rlt/rlt2) by extensions ['python_setup_py']
[0.375s] Level 1:colcon.colcon_core.package_identification:_identify(rlt/rlt2) by extension 'python_setup_py'
[0.375s] Level 1:colcon.colcon_core.package_identification:_identify(rlt/rlt3) by extensions ['ignore', 'ignore_ament_install']
[0.375s] Level 1:colcon.colcon_core.package_identification:_identify(rlt/rlt3) by extension 'ignore'
[0.375s] Level 1:colcon.colcon_core.package_identification:_identify(rlt/rlt3) by extension 'ignore_ament_install'
[0.375s] Level 1:colcon.colcon_core.package_identification:_identify(rlt/rlt3) by extensions ['colcon_pkg']
[0.375s] Level 1:colcon.colcon_core.package_identification:_identify(rlt/rlt3) by extension 'colcon_pkg'
[0.375s] Level 1:colcon.colcon_core.package_identification:_identify(rlt/rlt3) by extensions ['colcon_meta']
[0.375s] Level 1:colcon.colcon_core.package_identification:_identify(rlt/rlt3) by extension 'colcon_meta'
[0.375s] Level 1:colcon.colcon_core.package_identification:_identify(rlt/rlt3) by extensions ['ros']
[0.375s] Level 1:colcon.colcon_core.package_identification:_identify(rlt/rlt3) by extension 'ros'
[0.375s] Level 1:colcon.colcon_core.package_identification:_identify(rlt/rlt3) by extensions ['cmake', 'python']
[0.375s] Level 1:colcon.colcon_core.package_identification:_identify(rlt/rlt3) by extension 'cmake'
[0.375s] Level 1:colcon.colcon_core.package_identification:_identify(rlt/rlt3) by extension 'python'
[0.375s] Level 1:colcon.colcon_core.package_identification:_identify(rlt/rlt3) by extensions ['python_setup_py']
[0.375s] Level 1:colcon.colcon_core.package_identification:_identify(rlt/rlt3) by extension 'python_setup_py'
[0.375s] Level 1:colcon.colcon_core.package_identification:_identify(rlt/rlt4) by extensions ['ignore', 'ignore_ament_install']
[0.375s] Level 1:colcon.colcon_core.package_identification:_identify(rlt/rlt4) by extension 'ignore'
[0.375s] Level 1:colcon.colcon_core.package_identification:_identify(rlt/rlt4) by extension 'ignore_ament_install'
[0.375s] Level 1:colcon.colcon_core.package_identification:_identify(rlt/rlt4) by extensions ['colcon_pkg']
[0.375s] Level 1:colcon.colcon_core.package_identification:_identify(rlt/rlt4) by extension 'colcon_pkg'
[0.375s] Level 1:colcon.colcon_core.package_identification:_identify(rlt/rlt4) by extensions ['colcon_meta']
[0.376s] Level 1:colcon.colcon_core.package_identification:_identify(rlt/rlt4) by extension 'colcon_meta'
[0.376s] Level 1:colcon.colcon_core.package_identification:_identify(rlt/rlt4) by extensions ['ros']
[0.376s] Level 1:colcon.colcon_core.package_identification:_identify(rlt/rlt4) by extension 'ros'
[0.376s] Level 1:colcon.colcon_core.package_identification:_identify(rlt/rlt4) by extensions ['cmake', 'python']
[0.376s] Level 1:colcon.colcon_core.package_identification:_identify(rlt/rlt4) by extension 'cmake'
[0.376s] Level 1:colcon.colcon_core.package_identification:_identify(rlt/rlt4) by extension 'python'
[0.376s] Level 1:colcon.colcon_core.package_identification:_identify(rlt/rlt4) by extensions ['python_setup_py']
[0.376s] Level 1:colcon.colcon_core.package_identification:_identify(rlt/rlt4) by extension 'python_setup_py'
[0.376s] Level 1:colcon.colcon_core.package_identification:_identify(rlt/rlt5) by extensions ['ignore', 'ignore_ament_install']
[0.376s] Level 1:colcon.colcon_core.package_identification:_identify(rlt/rlt5) by extension 'ignore'
[0.376s] Level 1:colcon.colcon_core.package_identification:_identify(rlt/rlt5) by extension 'ignore_ament_install'
[0.376s] Level 1:colcon.colcon_core.package_identification:_identify(rlt/rlt5) by extensions ['colcon_pkg']
[0.376s] Level 1:colcon.colcon_core.package_identification:_identify(rlt/rlt5) by extension 'colcon_pkg'
[0.376s] Level 1:colcon.colcon_core.package_identification:_identify(rlt/rlt5) by extensions ['colcon_meta']
[0.376s] Level 1:colcon.colcon_core.package_identification:_identify(rlt/rlt5) by extension 'colcon_meta'
[0.376s] Level 1:colcon.colcon_core.package_identification:_identify(rlt/rlt5) by extensions ['ros']
[0.376s] Level 1:colcon.colcon_core.package_identification:_identify(rlt/rlt5) by extension 'ros'
[0.376s] Level 1:colcon.colcon_core.package_identification:_identify(rlt/rlt5) by extensions ['cmake', 'python']
[0.376s] Level 1:colcon.colcon_core.package_identification:_identify(rlt/rlt5) by extension 'cmake'
[0.376s] Level 1:colcon.colcon_core.package_identification:_identify(rlt/rlt5) by extension 'python'
[0.376s] Level 1:colcon.colcon_core.package_identification:_identify(rlt/rlt5) by extensions ['python_setup_py']
[0.376s] Level 1:colcon.colcon_core.package_identification:_identify(rlt/rlt5) by extension 'python_setup_py'
[0.376s] Level 1:colcon.colcon_core.package_identification:_identify(rlt/rlt6) by extensions ['ignore', 'ignore_ament_install']
[0.376s] Level 1:colcon.colcon_core.package_identification:_identify(rlt/rlt6) by extension 'ignore'
[0.376s] Level 1:colcon.colcon_core.package_identification:_identify(rlt/rlt6) by extension 'ignore_ament_install'
[0.376s] Level 1:colcon.colcon_core.package_identification:_identify(rlt/rlt6) by extensions ['colcon_pkg']
[0.376s] Level 1:colcon.colcon_core.package_identification:_identify(rlt/rlt6) by extension 'colcon_pkg'
[0.376s] Level 1:colcon.colcon_core.package_identification:_identify(rlt/rlt6) by extensions ['colcon_meta']
[0.376s] Level 1:colcon.colcon_core.package_identification:_identify(rlt/rlt6) by extension 'colcon_meta'
[0.376s] Level 1:colcon.colcon_core.package_identification:_identify(rlt/rlt6) by extensions ['ros']
[0.376s] Level 1:colcon.colcon_core.package_identification:_identify(rlt/rlt6) by extension 'ros'
[0.376s] Level 1:colcon.colcon_core.package_identification:_identify(rlt/rlt6) by extensions ['cmake', 'python']
[0.376s] Level 1:colcon.colcon_core.package_identification:_identify(rlt/rlt6) by extension 'cmake'
[0.376s] Level 1:colcon.colcon_core.package_identification:_identify(rlt/rlt6) by extension 'python'
[0.376s] Level 1:colcon.colcon_core.package_identification:_identify(rlt/rlt6) by extensions ['python_setup_py']
[0.376s] Level 1:colcon.colcon_core.package_identification:_identify(rlt/rlt6) by extension 'python_setup_py'
[0.376s] Level 1:colcon.colcon_core.package_identification:_identify(rlt/rlt7) by extensions ['ignore', 'ignore_ament_install']
[0.376s] Level 1:colcon.colcon_core.package_identification:_identify(rlt/rlt7) by extension 'ignore'
[0.376s] Level 1:colcon.colcon_core.package_identification:_identify(rlt/rlt7) by extension 'ignore_ament_install'
[0.376s] Level 1:colcon.colcon_core.package_identification:_identify(rlt/rlt7) by extensions ['colcon_pkg']
[0.376s] Level 1:colcon.colcon_core.package_identification:_identify(rlt/rlt7) by extension 'colcon_pkg'
[0.376s] Level 1:colcon.colcon_core.package_identification:_identify(rlt/rlt7) by extensions ['colcon_meta']
[0.376s] Level 1:colcon.colcon_core.package_identification:_identify(rlt/rlt7) by extension 'colcon_meta'
[0.376s] Level 1:colcon.colcon_core.package_identification:_identify(rlt/rlt7) by extensions ['ros']
[0.376s] Level 1:colcon.colcon_core.package_identification:_identify(rlt/rlt7) by extension 'ros'
[0.377s] Level 1:colcon.colcon_core.package_identification:_identify(rlt/rlt7) by extensions ['cmake', 'python']
[0.377s] Level 1:colcon.colcon_core.package_identification:_identify(rlt/rlt7) by extension 'cmake'
[0.377s] Level 1:colcon.colcon_core.package_identification:_identify(rlt/rlt7) by extension 'python'
[0.377s] Level 1:colcon.colcon_core.package_identification:_identify(rlt/rlt7) by extensions ['python_setup_py']
[0.377s] Level 1:colcon.colcon_core.package_identification:_identify(rlt/rlt7) by extension 'python_setup_py'
[0.377s] Level 1:colcon.colcon_core.package_identification:_identify(rlt/rlt8) by extensions ['ignore', 'ignore_ament_install']
[0.377s] Level 1:colcon.colcon_core.package_identification:_identify(rlt/rlt8) by extension 'ignore'
[0.377s] Level 1:colcon.colcon_core.package_identification:_identify(rlt/rlt8) by extension 'ignore_ament_install'
[0.377s] Level 1:colcon.colcon_core.package_identification:_identify(rlt/rlt8) by extensions ['colcon_pkg']
[0.377s] Level 1:colcon.colcon_core.package_identification:_identify(rlt/rlt8) by extension 'colcon_pkg'
[0.377s] Level 1:colcon.colcon_core.package_identification:_identify(rlt/rlt8) by extensions ['colcon_meta']
[0.377s] Level 1:colcon.colcon_core.package_identification:_identify(rlt/rlt8) by extension 'colcon_meta'
[0.377s] Level 1:colcon.colcon_core.package_identification:_identify(rlt/rlt8) by extensions ['ros']
[0.377s] Level 1:colcon.colcon_core.package_identification:_identify(rlt/rlt8) by extension 'ros'
[0.377s] Level 1:colcon.colcon_core.package_identification:_identify(rlt/rlt8) by extensions ['cmake', 'python']
[0.377s] Level 1:colcon.colcon_core.package_identification:_identify(rlt/rlt8) by extension 'cmake'
[0.377s] Level 1:colcon.colcon_core.package_identification:_identify(rlt/rlt8) by extension 'python'
[0.377s] Level 1:colcon.colcon_core.package_identification:_identify(rlt/rlt8) by extensions ['python_setup_py']
[0.377s] Level 1:colcon.colcon_core.package_identification:_identify(rlt/rlt8) by extension 'python_setup_py'
[0.377s] Level 1:colcon.colcon_core.package_identification:_identify(rlt/rlt9) by extensions ['ignore', 'ignore_ament_install']
[0.377s] Level 1:colcon.colcon_core.package_identification:_identify(rlt/rlt9) by extension 'ignore'
[0.377s] Level 1:colcon.colcon_core.package_identification:_identify(rlt/rlt9) by extension 'ignore_ament_install'
[0.377s] Level 1:colcon.colcon_core.package_identification:_identify(rlt/rlt9) by extensions ['colcon_pkg']
[0.377s] Level 1:colcon.colcon_core.package_identification:_identify(rlt/rlt9) by extension 'colcon_pkg'
[0.377s] Level 1:colcon.colcon_core.package_identification:_identify(rlt/rlt9) by extensions ['colcon_meta']
[0.377s] Level 1:colcon.colcon_core.package_identification:_identify(rlt/rlt9) by extension 'colcon_meta'
[0.377s] Level 1:colcon.colcon_core.package_identification:_identify(rlt/rlt9) by extensions ['ros']
[0.377s] Level 1:colcon.colcon_core.package_identification:_identify(rlt/rlt9) by extension 'ros'
[0.377s] Level 1:colcon.colcon_core.package_identification:_identify(rlt/rlt9) by extensions ['cmake', 'python']
[0.377s] Level 1:colcon.colcon_core.package_identification:_identify(rlt/rlt9) by extension 'cmake'
[0.377s] Level 1:colcon.colcon_core.package_identification:_identify(rlt/rlt9) by extension 'python'
[0.377s] Level 1:colcon.colcon_core.package_identification:_identify(rlt/rlt9) by extensions ['python_setup_py']
[0.377s] Level 1:colcon.colcon_core.package_identification:_identify(rlt/rlt9) by extension 'python_setup_py'
[0.377s] Level 1:colcon.colcon_core.package_identification:_identify(rosbag2_2022_09_05-15_49_45) by extensions ['ignore', 'ignore_ament_install']
[0.377s] Level 1:colcon.colcon_core.package_identification:_identify(rosbag2_2022_09_05-15_49_45) by extension 'ignore'
[0.377s] Level 1:colcon.colcon_core.package_identification:_identify(rosbag2_2022_09_05-15_49_45) by extension 'ignore_ament_install'
[0.377s] Level 1:colcon.colcon_core.package_identification:_identify(rosbag2_2022_09_05-15_49_45) by extensions ['colcon_pkg']
[0.377s] Level 1:colcon.colcon_core.package_identification:_identify(rosbag2_2022_09_05-15_49_45) by extension 'colcon_pkg'
[0.377s] Level 1:colcon.colcon_core.package_identification:_identify(rosbag2_2022_09_05-15_49_45) by extensions ['colcon_meta']
[0.377s] Level 1:colcon.colcon_core.package_identification:_identify(rosbag2_2022_09_05-15_49_45) by extension 'colcon_meta'
[0.377s] Level 1:colcon.colcon_core.package_identification:_identify(rosbag2_2022_09_05-15_49_45) by extensions ['ros']
[0.377s] Level 1:colcon.colcon_core.package_identification:_identify(rosbag2_2022_09_05-15_49_45) by extension 'ros'
[0.377s] Level 1:colcon.colcon_core.package_identification:_identify(rosbag2_2022_09_05-15_49_45) by extensions ['cmake', 'python']
[0.377s] Level 1:colcon.colcon_core.package_identification:_identify(rosbag2_2022_09_05-15_49_45) by extension 'cmake'
[0.378s] Level 1:colcon.colcon_core.package_identification:_identify(rosbag2_2022_09_05-15_49_45) by extension 'python'
[0.378s] Level 1:colcon.colcon_core.package_identification:_identify(rosbag2_2022_09_05-15_49_45) by extensions ['python_setup_py']
[0.378s] Level 1:colcon.colcon_core.package_identification:_identify(rosbag2_2022_09_05-15_49_45) by extension 'python_setup_py'
[0.378s] Level 1:colcon.colcon_core.package_identification:_identify(src) by extensions ['ignore', 'ignore_ament_install']
[0.378s] Level 1:colcon.colcon_core.package_identification:_identify(src) by extension 'ignore'
[0.378s] Level 1:colcon.colcon_core.package_identification:_identify(src) by extension 'ignore_ament_install'
[0.378s] Level 1:colcon.colcon_core.package_identification:_identify(src) by extensions ['colcon_pkg']
[0.378s] Level 1:colcon.colcon_core.package_identification:_identify(src) by extension 'colcon_pkg'
[0.378s] Level 1:colcon.colcon_core.package_identification:_identify(src) by extensions ['colcon_meta']
[0.378s] Level 1:colcon.colcon_core.package_identification:_identify(src) by extension 'colcon_meta'
[0.378s] Level 1:colcon.colcon_core.package_identification:_identify(src) by extensions ['ros']
[0.378s] Level 1:colcon.colcon_core.package_identification:_identify(src) by extension 'ros'
[0.378s] Level 1:colcon.colcon_core.package_identification:_identify(src) by extensions ['cmake', 'python']
[0.378s] Level 1:colcon.colcon_core.package_identification:_identify(src) by extension 'cmake'
[0.378s] Level 1:colcon.colcon_core.package_identification:_identify(src) by extension 'python'
[0.378s] Level 1:colcon.colcon_core.package_identification:_identify(src) by extensions ['python_setup_py']
[0.378s] Level 1:colcon.colcon_core.package_identification:_identify(src) by extension 'python_setup_py'
[0.378s] Level 1:colcon.colcon_core.package_identification:_identify(src/custom_interfaces) by extensions ['ignore', 'ignore_ament_install']
[0.378s] Level 1:colcon.colcon_core.package_identification:_identify(src/custom_interfaces) by extension 'ignore'
[0.378s] Level 1:colcon.colcon_core.package_identification:_identify(src/custom_interfaces) by extension 'ignore_ament_install'
[0.378s] Level 1:colcon.colcon_core.package_identification:_identify(src/custom_interfaces) by extensions ['colcon_pkg']
[0.378s] Level 1:colcon.colcon_core.package_identification:_identify(src/custom_interfaces) by extension 'colcon_pkg'
[0.378s] Level 1:colcon.colcon_core.package_identification:_identify(src/custom_interfaces) by extensions ['colcon_meta']
[0.378s] Level 1:colcon.colcon_core.package_identification:_identify(src/custom_interfaces) by extension 'colcon_meta'
[0.378s] Level 1:colcon.colcon_core.package_identification:_identify(src/custom_interfaces) by extensions ['ros']
[0.378s] Level 1:colcon.colcon_core.package_identification:_identify(src/custom_interfaces) by extension 'ros'
[0.380s] DEBUG:colcon.colcon_core.package_identification:Package 'src/custom_interfaces' with type 'ros.ament_cmake' and name 'custom_interfaces'
[0.380s] Level 1:colcon.colcon_core.package_identification:_identify(src/object_detection) by extensions ['ignore', 'ignore_ament_install']
[0.380s] Level 1:colcon.colcon_core.package_identification:_identify(src/object_detection) by extension 'ignore'
[0.380s] Level 1:colcon.colcon_core.package_identification:_identify(src/object_detection) by extension 'ignore_ament_install'
[0.380s] Level 1:colcon.colcon_core.package_identification:_identify(src/object_detection) by extensions ['colcon_pkg']
[0.380s] Level 1:colcon.colcon_core.package_identification:_identify(src/object_detection) by extension 'colcon_pkg'
[0.380s] Level 1:colcon.colcon_core.package_identification:_identify(src/object_detection) by extensions ['colcon_meta']
[0.380s] Level 1:colcon.colcon_core.package_identification:_identify(src/object_detection) by extension 'colcon_meta'
[0.380s] Level 1:colcon.colcon_core.package_identification:_identify(src/object_detection) by extensions ['ros']
[0.380s] Level 1:colcon.colcon_core.package_identification:_identify(src/object_detection) by extension 'ros'
[0.380s] DEBUG:colcon.colcon_core.package_identification:Package 'src/object_detection' with type 'ros.ament_python' and name 'object_detection'
[0.381s] Level 1:colcon.colcon_core.package_discovery:discover_packages(recursive) using defaults
[0.381s] Level 1:colcon.colcon_core.package_discovery:discover_packages(ignore) discover
[0.381s] Level 1:colcon.colcon_core.package_discovery:discover_packages(ignore) using defaults
[0.381s] Level 1:colcon.colcon_core.package_discovery:discover_packages(path) discover
[0.381s] Level 1:colcon.colcon_core.package_discovery:discover_packages(path) using defaults
[0.401s] INFO:colcon.colcon_core.package_selection:Skipping not selected package 'custom_interfaces' in 'src/custom_interfaces'
[0.405s] Level 5:colcon.colcon_core.verb:set package 'object_detection' build argument 'cmake_args' from command line to 'None'
[0.405s] Level 5:colcon.colcon_core.verb:set package 'object_detection' build argument 'cmake_target' from command line to 'None'
[0.405s] Level 5:colcon.colcon_core.verb:set package 'object_detection' build argument 'cmake_target_skip_unavailable' from command line to 'False'
[0.405s] Level 5:colcon.colcon_core.verb:set package 'object_detection' build argument 'cmake_clean_cache' from command line to 'False'
[0.405s] Level 5:colcon.colcon_core.verb:set package 'object_detection' build argument 'cmake_clean_first' from command line to 'False'
[0.405s] Level 5:colcon.colcon_core.verb:set package 'object_detection' build argument 'cmake_force_configure' from command line to 'False'
[0.405s] Level 5:colcon.colcon_core.verb:set package 'object_detection' build argument 'ament_cmake_args' from command line to 'None'
[0.405s] Level 5:colcon.colcon_core.verb:set package 'object_detection' build argument 'catkin_cmake_args' from command line to 'None'
[0.405s] Level 5:colcon.colcon_core.verb:set package 'object_detection' build argument 'catkin_skip_building_tests' from command line to 'False'
[0.405s] DEBUG:colcon.colcon_core.verb:Building package 'object_detection' with the following arguments: {'ament_cmake_args': None, 'build_base': '/home/bot/yolo_ws/build/object_detection', 'catkin_cmake_args': None, 'catkin_skip_building_tests': False, 'cmake_args': None, 'cmake_clean_cache': False, 'cmake_clean_first': False, 'cmake_force_configure': False, 'cmake_target': None, 'cmake_target_skip_unavailable': False, 'install_base': '/home/bot/yolo_ws/install/object_detection', 'merge_install': False, 'path': '/home/bot/yolo_ws/src/object_detection', 'symlink_install': False, 'test_result_base': None}
[0.406s] INFO:colcon.colcon_core.executor:Executing jobs using 'parallel' executor
[0.413s] DEBUG:colcon.colcon_parallel_executor.executor.parallel:run_until_complete
[0.413s] INFO:colcon.colcon_ros.task.ament_python.build:Building ROS package in '/home/bot/yolo_ws/src/object_detection' with build type 'ament_python'
[0.413s] Level 1:colcon.colcon_core.shell:create_environment_hook('object_detection', 'ament_prefix_path')
[0.420s] INFO:colcon.colcon_core.plugin_system:Skipping extension 'colcon_core.shell.bat': Not used on non-Windows systems
[0.420s] INFO:colcon.colcon_core.shell:Creating environment hook '/home/bot/yolo_ws/install/object_detection/share/object_detection/hook/ament_prefix_path.ps1'
[0.421s] INFO:colcon.colcon_core.shell:Creating environment descriptor '/home/bot/yolo_ws/install/object_detection/share/object_detection/hook/ament_prefix_path.dsv'
[0.421s] INFO:colcon.colcon_core.shell:Creating environment hook '/home/bot/yolo_ws/install/object_detection/share/object_detection/hook/ament_prefix_path.sh'
[0.424s] INFO:colcon.colcon_core.shell:Skip shell extension 'powershell' for command environment: Not usable outside of PowerShell
[0.424s] DEBUG:colcon.colcon_core.shell:Skip shell extension 'dsv' for command environment
[0.596s] INFO:colcon.colcon_core.task.python.build:Building Python package in '/home/bot/yolo_ws/src/object_detection'
[0.602s] INFO:colcon.colcon_core.shell:Skip shell extension 'powershell' for command environment: Not usable outside of PowerShell
[0.602s] DEBUG:colcon.colcon_core.shell:Skip shell extension 'dsv' for command environment
[0.887s] DEBUG:colcon.colcon_core.event_handler.log_command:Invoking command in '/home/bot/yolo_ws/src/object_detection': PYTHONPATH=/home/bot/yolo_ws/build/object_detection/prefix_override:/home/bot/yolo_ws/install/object_detection/lib/python3.8/site-packages:/home/bot/yolo_ws/install/custom_interfaces/lib/python3.8/site-packages:/home/bot/yolo_ws/install/object_detection/lib/python3.8/site-packages:/home/bot/msg_ws/install/tutorial_interfaces/lib/python3.8/site-packages:/home/bot/msg_ws/install/py_pubsub/lib/python3.8/site-packages:/opt/ros/galactic/lib/python3.8/site-packages /usr/bin/python3 setup.py egg_info --egg-base ../../build/object_detection build --build-base /home/bot/yolo_ws/build/object_detection/build install --record /home/bot/yolo_ws/build/object_detection/install.log --single-version-externally-managed
[1.093s] DEBUG:colcon.colcon_core.event_handler.log_command:Invoked command in '/home/bot/yolo_ws/src/object_detection' returned '0': PYTHONPATH=/home/bot/yolo_ws/build/object_detection/prefix_override:/home/bot/yolo_ws/install/object_detection/lib/python3.8/site-packages:/home/bot/yolo_ws/install/custom_interfaces/lib/python3.8/site-packages:/home/bot/yolo_ws/install/object_detection/lib/python3.8/site-packages:/home/bot/msg_ws/install/tutorial_interfaces/lib/python3.8/site-packages:/home/bot/msg_ws/install/py_pubsub/lib/python3.8/site-packages:/opt/ros/galactic/lib/python3.8/site-packages /usr/bin/python3 setup.py egg_info --egg-base ../../build/object_detection build --build-base /home/bot/yolo_ws/build/object_detection/build install --record /home/bot/yolo_ws/build/object_detection/install.log --single-version-externally-managed
[1.103s] Level 1:colcon.colcon_core.environment:checking '/home/bot/yolo_ws/install/object_detection' for CMake module files
[1.103s] Level 1:colcon.colcon_core.environment:checking '/home/bot/yolo_ws/install/object_detection' for CMake config files
[1.104s] Level 1:colcon.colcon_core.environment:checking '/home/bot/yolo_ws/install/object_detection/lib'
[1.104s] Level 1:colcon.colcon_core.environment:checking '/home/bot/yolo_ws/install/object_detection/bin'
[1.104s] Level 1:colcon.colcon_core.environment:checking '/home/bot/yolo_ws/install/object_detection/lib/pkgconfig/object_detection.pc'
[1.104s] Level 1:colcon.colcon_core.environment:checking '/home/bot/yolo_ws/install/object_detection/lib/python3.8/site-packages'
[1.104s] Level 1:colcon.colcon_core.shell:create_environment_hook('object_detection', 'pythonpath')
[1.107s] INFO:colcon.colcon_core.shell:Creating environment hook '/home/bot/yolo_ws/install/object_detection/share/object_detection/hook/pythonpath.ps1'
[1.107s] INFO:colcon.colcon_core.shell:Creating environment descriptor '/home/bot/yolo_ws/install/object_detection/share/object_detection/hook/pythonpath.dsv'
[1.107s] INFO:colcon.colcon_core.shell:Creating environment hook '/home/bot/yolo_ws/install/object_detection/share/object_detection/hook/pythonpath.sh'
[1.108s] Level 1:colcon.colcon_core.environment:checking '/home/bot/yolo_ws/install/object_detection/bin'
[1.108s] Level 1:colcon.colcon_core.environment:create_environment_scripts_only(object_detection)
[1.112s] INFO:colcon.colcon_core.shell:Creating package script '/home/bot/yolo_ws/install/object_detection/share/object_detection/package.ps1'
[1.113s] INFO:colcon.colcon_core.shell:Creating package descriptor '/home/bot/yolo_ws/install/object_detection/share/object_detection/package.dsv'
[1.113s] INFO:colcon.colcon_core.shell:Creating package script '/home/bot/yolo_ws/install/object_detection/share/object_detection/package.sh'
[1.114s] INFO:colcon.colcon_core.shell:Creating package script '/home/bot/yolo_ws/install/object_detection/share/object_detection/package.bash'
[1.115s] INFO:colcon.colcon_core.shell:Creating package script '/home/bot/yolo_ws/install/object_detection/share/object_detection/package.zsh'
[1.116s] Level 1:colcon.colcon_core.environment:create_file_with_runtime_dependencies(/home/bot/yolo_ws/install/object_detection/share/colcon-core/packages/object_detection)
[1.117s] DEBUG:colcon.colcon_parallel_executor.executor.parallel:closing loop
[1.117s] DEBUG:colcon.colcon_parallel_executor.executor.parallel:loop closed
[1.117s] DEBUG:colcon.colcon_parallel_executor.executor.parallel:run_until_complete finished with '0'
[1.117s] DEBUG:colcon.colcon_core.event_reactor:joining thread
[1.126s] INFO:colcon.colcon_core.plugin_system:Skipping extension 'colcon_notification.desktop_notification.terminal_notifier': Not used on non-Darwin systems
[1.126s] INFO:colcon.colcon_core.plugin_system:Skipping extension 'colcon_notification.desktop_notification.win32': Not used on non-Windows systems
[1.126s] INFO:colcon.colcon_notification.desktop_notification:Sending desktop notification using 'notify2'
[1.137s] DEBUG:colcon.colcon_core.event_reactor:joined thread
[1.143s] INFO:colcon.colcon_core.shell:Creating prefix script '/home/bot/yolo_ws/install/local_setup.ps1'
[1.145s] INFO:colcon.colcon_core.shell:Creating prefix util module '/home/bot/yolo_ws/install/_local_setup_util_ps1.py'
[1.146s] INFO:colcon.colcon_core.shell:Creating prefix chain script '/home/bot/yolo_ws/install/setup.ps1'
[1.149s] INFO:colcon.colcon_core.shell:Creating prefix script '/home/bot/yolo_ws/install/local_setup.sh'
[1.150s] INFO:colcon.colcon_core.shell:Creating prefix util module '/home/bot/yolo_ws/install/_local_setup_util_sh.py'
[1.150s] INFO:colcon.colcon_core.shell:Creating prefix chain script '/home/bot/yolo_ws/install/setup.sh'
[1.153s] INFO:colcon.colcon_core.shell:Creating prefix script '/home/bot/yolo_ws/install/local_setup.bash'
[1.154s] INFO:colcon.colcon_core.shell:Creating prefix chain script '/home/bot/yolo_ws/install/setup.bash'
[1.157s] INFO:colcon.colcon_core.shell:Creating prefix script '/home/bot/yolo_ws/install/local_setup.zsh'
[1.158s] INFO:colcon.colcon_core.shell:Creating prefix chain script '/home/bot/yolo_ws/install/setup.zsh'
