running egg_info
writing ../../build/object_detection/object_detection.egg-info/PKG-INFO
writing dependency_links to ../../build/object_detection/object_detection.egg-info/dependency_links.txt
writing entry points to ../../build/object_detection/object_detection.egg-info/entry_points.txt
writing requirements to ../../build/object_detection/object_detection.egg-info/requires.txt
writing top-level names to ../../build/object_detection/object_detection.egg-info/top_level.txt
reading manifest file '../../build/object_detection/object_detection.egg-info/SOURCES.txt'
writing manifest file '../../build/object_detection/object_detection.egg-info/SOURCES.txt'
running build
running build_py
copying object_detection/cam_subscriber_ros2.py -> /home/bot/yolo_ws/build/object_detection/build/lib/object_detection
running install
running install_lib
copying /home/bot/yolo_ws/build/object_detection/build/lib/object_detection/cam_subscriber_ros2.py -> /home/bot/yolo_ws/install/object_detection/lib/python3.8/site-packages/object_detection
byte-compiling /home/bot/yolo_ws/install/object_detection/lib/python3.8/site-packages/object_detection/cam_subscriber_ros2.py to cam_subscriber_ros2.cpython-38.pyc
running install_data
running install_egg_info
removing '/home/bot/yolo_ws/install/object_detection/lib/python3.8/site-packages/object_detection-0.0.0-py3.8.egg-info' (and everything under it)
Copying ../../build/object_detection/object_detection.egg-info to /home/bot/yolo_ws/install/object_detection/lib/python3.8/site-packages/object_detection-0.0.0-py3.8.egg-info
running install_scripts
writing list of installed files to '/home/bot/yolo_ws/build/object_detection/install.log'
