[0.419s] Invoking command in '/home/bot/yolo_ws/src/object_detection': PYTHONPATH=/home/bot/yolo_ws/build/object_detection/prefix_override:/home/bot/yolo_ws/install/object_detection/lib/python3.8/site-packages:/home/bot/yolo_ws/install/custom_interfaces/lib/python3.8/site-packages:/home/bot/yolo_ws/install/object_detection/lib/python3.8/site-packages:/home/bot/msg_ws/install/tutorial_interfaces/lib/python3.8/site-packages:/home/bot/msg_ws/install/py_pubsub/lib/python3.8/site-packages:/opt/ros/galactic/lib/python3.8/site-packages /usr/bin/python3 setup.py egg_info --egg-base ../../build/object_detection build --build-base /home/bot/yolo_ws/build/object_detection/build install --record /home/bot/yolo_ws/build/object_detection/install.log --single-version-externally-managed
[0.545s] running egg_info
[0.546s] writing ../../build/object_detection/object_detection.egg-info/PKG-INFO
[0.546s] writing dependency_links to ../../build/object_detection/object_detection.egg-info/dependency_links.txt
[0.546s] writing entry points to ../../build/object_detection/object_detection.egg-info/entry_points.txt
[0.546s] writing requirements to ../../build/object_detection/object_detection.egg-info/requires.txt
[0.546s] writing top-level names to ../../build/object_detection/object_detection.egg-info/top_level.txt
[0.565s] reading manifest file '../../build/object_detection/object_detection.egg-info/SOURCES.txt'
[0.565s] writing manifest file '../../build/object_detection/object_detection.egg-info/SOURCES.txt'
[0.565s] running build
[0.565s] running build_py
[0.566s] copying object_detection/cam_subscriber_ros2.py -> /home/bot/yolo_ws/build/object_detection/build/lib/object_detection
[0.566s] running install
[0.566s] running install_lib
[0.567s] copying /home/bot/yolo_ws/build/object_detection/build/lib/object_detection/cam_subscriber_ros2.py -> /home/bot/yolo_ws/install/object_detection/lib/python3.8/site-packages/object_detection
[0.567s] byte-compiling /home/bot/yolo_ws/install/object_detection/lib/python3.8/site-packages/object_detection/cam_subscriber_ros2.py to cam_subscriber_ros2.cpython-38.pyc
[0.568s] running install_data
[0.568s] running install_egg_info
[0.569s] removing '/home/bot/yolo_ws/install/object_detection/lib/python3.8/site-packages/object_detection-0.0.0-py3.8.egg-info' (and everything under it)
[0.570s] Copying ../../build/object_detection/object_detection.egg-info to /home/bot/yolo_ws/install/object_detection/lib/python3.8/site-packages/object_detection-0.0.0-py3.8.egg-info
[0.570s] running install_scripts
[0.580s] writing list of installed files to '/home/bot/yolo_ws/build/object_detection/install.log'
[0.598s] Invoked command in '/home/bot/yolo_ws/src/object_detection' returned '0': PYTHONPATH=/home/bot/yolo_ws/build/object_detection/prefix_override:/home/bot/yolo_ws/install/object_detection/lib/python3.8/site-packages:/home/bot/yolo_ws/install/custom_interfaces/lib/python3.8/site-packages:/home/bot/yolo_ws/install/object_detection/lib/python3.8/site-packages:/home/bot/msg_ws/install/tutorial_interfaces/lib/python3.8/site-packages:/home/bot/msg_ws/install/py_pubsub/lib/python3.8/site-packages:/opt/ros/galactic/lib/python3.8/site-packages /usr/bin/python3 setup.py egg_info --egg-base ../../build/object_detection build --build-base /home/bot/yolo_ws/build/object_detection/build install --record /home/bot/yolo_ws/build/object_detection/install.log --single-version-externally-managed
