[0.391s] DEBUG:colcon:Command line arguments: ['/usr/bin/colcon', 'list', '-p', '--base-paths', '/home/jqzhang/FILES/Research/R3Swarms/YOLOv5-ROS2/ros2_on_k3s']
[0.392s] DEBUG:colcon:Parsed command line arguments: Namespace(allow_overriding=[], base_paths=['/home/jqzhang/FILES/Research/R3Swarms/YOLOv5-ROS2/ros2_on_k3s'], build_base='build', ignore_user_meta=False, log_base=None, log_level=None, main=<bound method ListVerb.main of <colcon_package_information.verb.list.ListVerb object at 0x7f4882ebda30>>, metas=['./colcon.meta'], names_only=False, packages_above=None, packages_above_and_dependencies=None, packages_above_depth=None, packages_end=None, packages_ignore=None, packages_ignore_regex=None, packages_select=None, packages_select_build_failed=False, packages_select_by_dep=None, packages_select_regex=None, packages_select_test_failures=False, packages_skip=None, packages_skip_build_finished=False, packages_skip_by_dep=None, packages_skip_regex=None, packages_skip_test_passed=False, packages_skip_up_to=None, packages_start=None, packages_up_to=None, packages_up_to_regex=None, paths=None, paths_only=True, topological_graph=False, topological_graph_density=False, topological_graph_dot=False, topological_graph_dot_cluster=False, topological_graph_dot_include_skipped=False, topological_graph_legend=False, topological_order=False, verb_extension=<colcon_package_information.verb.list.ListVerb object at 0x7f4882ebda30>, verb_name='list', verb_parser=<colcon_defaults.argument_parser.defaults.DefaultArgumentsDecorator object at 0x7f4882ec7e50>)
[0.414s] Level 1:colcon.colcon_core.package_discovery:discover_packages(colcon_meta) check parameters
[0.414s] Level 1:colcon.colcon_core.package_discovery:discover_packages(recursive) check parameters
[0.414s] Level 1:colcon.colcon_core.package_discovery:discover_packages(ignore) check parameters
[0.414s] Level 1:colcon.colcon_core.package_discovery:discover_packages(path) check parameters
[0.414s] Level 1:colcon.colcon_core.package_discovery:discover_packages(recursive) discover
[0.414s] INFO:colcon.colcon_core.package_discovery:Crawling recursively for packages in '/home/jqzhang/FILES/Research/R3Swarms/YOLOv5-ROS2/ros2_on_k3s'
[0.415s] Level 1:colcon.colcon_core.package_identification:_identify(/home/jqzhang/FILES/Research/R3Swarms/YOLOv5-ROS2/ros2_on_k3s) by extensions ['ignore', 'ignore_ament_install']
[0.415s] Level 1:colcon.colcon_core.package_identification:_identify(/home/jqzhang/FILES/Research/R3Swarms/YOLOv5-ROS2/ros2_on_k3s) by extension 'ignore'
[0.415s] Level 1:colcon.colcon_core.package_identification:_identify(/home/jqzhang/FILES/Research/R3Swarms/YOLOv5-ROS2/ros2_on_k3s) by extension 'ignore_ament_install'
[0.415s] Level 1:colcon.colcon_core.package_identification:_identify(/home/jqzhang/FILES/Research/R3Swarms/YOLOv5-ROS2/ros2_on_k3s) by extensions ['colcon_pkg']
[0.415s] Level 1:colcon.colcon_core.package_identification:_identify(/home/jqzhang/FILES/Research/R3Swarms/YOLOv5-ROS2/ros2_on_k3s) by extension 'colcon_pkg'
[0.415s] Level 1:colcon.colcon_core.package_identification:_identify(/home/jqzhang/FILES/Research/R3Swarms/YOLOv5-ROS2/ros2_on_k3s) by extensions ['colcon_meta']
[0.415s] Level 1:colcon.colcon_core.package_identification:_identify(/home/jqzhang/FILES/Research/R3Swarms/YOLOv5-ROS2/ros2_on_k3s) by extension 'colcon_meta'
[0.416s] Level 1:colcon.colcon_core.package_identification:_identify(/home/jqzhang/FILES/Research/R3Swarms/YOLOv5-ROS2/ros2_on_k3s) by extensions ['ros']
[0.416s] Level 1:colcon.colcon_core.package_identification:_identify(/home/jqzhang/FILES/Research/R3Swarms/YOLOv5-ROS2/ros2_on_k3s) by extension 'ros'
[0.442s] Level 1:colcon.colcon_core.package_identification:_identify(/home/jqzhang/FILES/Research/R3Swarms/YOLOv5-ROS2/ros2_on_k3s) by extensions ['cmake', 'python']
[0.442s] Level 1:colcon.colcon_core.package_identification:_identify(/home/jqzhang/FILES/Research/R3Swarms/YOLOv5-ROS2/ros2_on_k3s) by extension 'cmake'
[0.442s] Level 1:colcon.colcon_core.package_identification:_identify(/home/jqzhang/FILES/Research/R3Swarms/YOLOv5-ROS2/ros2_on_k3s) by extension 'python'
[0.442s] Level 1:colcon.colcon_core.package_identification:_identify(/home/jqzhang/FILES/Research/R3Swarms/YOLOv5-ROS2/ros2_on_k3s) by extensions ['python_setup_py']
[0.442s] Level 1:colcon.colcon_core.package_identification:_identify(/home/jqzhang/FILES/Research/R3Swarms/YOLOv5-ROS2/ros2_on_k3s) by extension 'python_setup_py'
[0.443s] Level 1:colcon.colcon_core.package_identification:_identify(/home/jqzhang/FILES/Research/R3Swarms/YOLOv5-ROS2/ros2_on_k3s/build) by extensions ['ignore', 'ignore_ament_install']
[0.443s] Level 1:colcon.colcon_core.package_identification:_identify(/home/jqzhang/FILES/Research/R3Swarms/YOLOv5-ROS2/ros2_on_k3s/build) by extension 'ignore'
[0.443s] Level 1:colcon.colcon_core.package_identification:_identify(/home/jqzhang/FILES/Research/R3Swarms/YOLOv5-ROS2/ros2_on_k3s/build) ignored
[0.444s] Level 1:colcon.colcon_core.package_identification:_identify(/home/jqzhang/FILES/Research/R3Swarms/YOLOv5-ROS2/ros2_on_k3s/install) by extensions ['ignore', 'ignore_ament_install']
[0.444s] Level 1:colcon.colcon_core.package_identification:_identify(/home/jqzhang/FILES/Research/R3Swarms/YOLOv5-ROS2/ros2_on_k3s/install) by extension 'ignore'
[0.444s] Level 1:colcon.colcon_core.package_identification:_identify(/home/jqzhang/FILES/Research/R3Swarms/YOLOv5-ROS2/ros2_on_k3s/install) ignored
[0.444s] Level 1:colcon.colcon_core.package_identification:_identify(/home/jqzhang/FILES/Research/R3Swarms/YOLOv5-ROS2/ros2_on_k3s/log) by extensions ['ignore', 'ignore_ament_install']
[0.445s] Level 1:colcon.colcon_core.package_identification:_identify(/home/jqzhang/FILES/Research/R3Swarms/YOLOv5-ROS2/ros2_on_k3s/log) by extension 'ignore'
[0.445s] Level 1:colcon.colcon_core.package_identification:_identify(/home/jqzhang/FILES/Research/R3Swarms/YOLOv5-ROS2/ros2_on_k3s/log) ignored
[0.445s] Level 1:colcon.colcon_core.package_identification:_identify(/home/jqzhang/FILES/Research/R3Swarms/YOLOv5-ROS2/ros2_on_k3s/src) by extensions ['ignore', 'ignore_ament_install']
[0.445s] Level 1:colcon.colcon_core.package_identification:_identify(/home/jqzhang/FILES/Research/R3Swarms/YOLOv5-ROS2/ros2_on_k3s/src) by extension 'ignore'
[0.445s] Level 1:colcon.colcon_core.package_identification:_identify(/home/jqzhang/FILES/Research/R3Swarms/YOLOv5-ROS2/ros2_on_k3s/src) by extension 'ignore_ament_install'
[0.446s] Level 1:colcon.colcon_core.package_identification:_identify(/home/jqzhang/FILES/Research/R3Swarms/YOLOv5-ROS2/ros2_on_k3s/src) by extensions ['colcon_pkg']
[0.446s] Level 1:colcon.colcon_core.package_identification:_identify(/home/jqzhang/FILES/Research/R3Swarms/YOLOv5-ROS2/ros2_on_k3s/src) by extension 'colcon_pkg'
[0.446s] Level 1:colcon.colcon_core.package_identification:_identify(/home/jqzhang/FILES/Research/R3Swarms/YOLOv5-ROS2/ros2_on_k3s/src) by extensions ['colcon_meta']
[0.446s] Level 1:colcon.colcon_core.package_identification:_identify(/home/jqzhang/FILES/Research/R3Swarms/YOLOv5-ROS2/ros2_on_k3s/src) by extension 'colcon_meta'
[0.446s] Level 1:colcon.colcon_core.package_identification:_identify(/home/jqzhang/FILES/Research/R3Swarms/YOLOv5-ROS2/ros2_on_k3s/src) by extensions ['ros']
[0.446s] Level 1:colcon.colcon_core.package_identification:_identify(/home/jqzhang/FILES/Research/R3Swarms/YOLOv5-ROS2/ros2_on_k3s/src) by extension 'ros'
[0.446s] Level 1:colcon.colcon_core.package_identification:_identify(/home/jqzhang/FILES/Research/R3Swarms/YOLOv5-ROS2/ros2_on_k3s/src) by extensions ['cmake', 'python']
[0.446s] Level 1:colcon.colcon_core.package_identification:_identify(/home/jqzhang/FILES/Research/R3Swarms/YOLOv5-ROS2/ros2_on_k3s/src) by extension 'cmake'
[0.447s] Level 1:colcon.colcon_core.package_identification:_identify(/home/jqzhang/FILES/Research/R3Swarms/YOLOv5-ROS2/ros2_on_k3s/src) by extension 'python'
[0.447s] Level 1:colcon.colcon_core.package_identification:_identify(/home/jqzhang/FILES/Research/R3Swarms/YOLOv5-ROS2/ros2_on_k3s/src) by extensions ['python_setup_py']
[0.447s] Level 1:colcon.colcon_core.package_identification:_identify(/home/jqzhang/FILES/Research/R3Swarms/YOLOv5-ROS2/ros2_on_k3s/src) by extension 'python_setup_py'
[0.447s] Level 1:colcon.colcon_core.package_identification:_identify(/home/jqzhang/FILES/Research/R3Swarms/YOLOv5-ROS2/ros2_on_k3s/src/custom_interfaces) by extensions ['ignore', 'ignore_ament_install']
[0.447s] Level 1:colcon.colcon_core.package_identification:_identify(/home/jqzhang/FILES/Research/R3Swarms/YOLOv5-ROS2/ros2_on_k3s/src/custom_interfaces) by extension 'ignore'
[0.447s] Level 1:colcon.colcon_core.package_identification:_identify(/home/jqzhang/FILES/Research/R3Swarms/YOLOv5-ROS2/ros2_on_k3s/src/custom_interfaces) by extension 'ignore_ament_install'
[0.448s] Level 1:colcon.colcon_core.package_identification:_identify(/home/jqzhang/FILES/Research/R3Swarms/YOLOv5-ROS2/ros2_on_k3s/src/custom_interfaces) by extensions ['colcon_pkg']
[0.448s] Level 1:colcon.colcon_core.package_identification:_identify(/home/jqzhang/FILES/Research/R3Swarms/YOLOv5-ROS2/ros2_on_k3s/src/custom_interfaces) by extension 'colcon_pkg'
[0.448s] Level 1:colcon.colcon_core.package_identification:_identify(/home/jqzhang/FILES/Research/R3Swarms/YOLOv5-ROS2/ros2_on_k3s/src/custom_interfaces) by extensions ['colcon_meta']
[0.448s] Level 1:colcon.colcon_core.package_identification:_identify(/home/jqzhang/FILES/Research/R3Swarms/YOLOv5-ROS2/ros2_on_k3s/src/custom_interfaces) by extension 'colcon_meta'
[0.448s] Level 1:colcon.colcon_core.package_identification:_identify(/home/jqzhang/FILES/Research/R3Swarms/YOLOv5-ROS2/ros2_on_k3s/src/custom_interfaces) by extensions ['ros']
[0.448s] Level 1:colcon.colcon_core.package_identification:_identify(/home/jqzhang/FILES/Research/R3Swarms/YOLOv5-ROS2/ros2_on_k3s/src/custom_interfaces) by extension 'ros'
[0.451s] DEBUG:colcon.colcon_core.package_identification:Package '/home/jqzhang/FILES/Research/R3Swarms/YOLOv5-ROS2/ros2_on_k3s/src/custom_interfaces' with type 'ros.ament_cmake' and name 'custom_interfaces'
[0.451s] Level 1:colcon.colcon_core.package_identification:_identify(/home/jqzhang/FILES/Research/R3Swarms/YOLOv5-ROS2/ros2_on_k3s/src/object_detection) by extensions ['ignore', 'ignore_ament_install']
[0.451s] Level 1:colcon.colcon_core.package_identification:_identify(/home/jqzhang/FILES/Research/R3Swarms/YOLOv5-ROS2/ros2_on_k3s/src/object_detection) by extension 'ignore'
[0.452s] Level 1:colcon.colcon_core.package_identification:_identify(/home/jqzhang/FILES/Research/R3Swarms/YOLOv5-ROS2/ros2_on_k3s/src/object_detection) by extension 'ignore_ament_install'
[0.452s] Level 1:colcon.colcon_core.package_identification:_identify(/home/jqzhang/FILES/Research/R3Swarms/YOLOv5-ROS2/ros2_on_k3s/src/object_detection) by extensions ['colcon_pkg']
[0.452s] Level 1:colcon.colcon_core.package_identification:_identify(/home/jqzhang/FILES/Research/R3Swarms/YOLOv5-ROS2/ros2_on_k3s/src/object_detection) by extension 'colcon_pkg'
[0.452s] Level 1:colcon.colcon_core.package_identification:_identify(/home/jqzhang/FILES/Research/R3Swarms/YOLOv5-ROS2/ros2_on_k3s/src/object_detection) by extensions ['colcon_meta']
[0.452s] Level 1:colcon.colcon_core.package_identification:_identify(/home/jqzhang/FILES/Research/R3Swarms/YOLOv5-ROS2/ros2_on_k3s/src/object_detection) by extension 'colcon_meta'
[0.452s] Level 1:colcon.colcon_core.package_identification:_identify(/home/jqzhang/FILES/Research/R3Swarms/YOLOv5-ROS2/ros2_on_k3s/src/object_detection) by extensions ['ros']
[0.452s] Level 1:colcon.colcon_core.package_identification:_identify(/home/jqzhang/FILES/Research/R3Swarms/YOLOv5-ROS2/ros2_on_k3s/src/object_detection) by extension 'ros'
[0.453s] DEBUG:colcon.colcon_core.package_identification:Package '/home/jqzhang/FILES/Research/R3Swarms/YOLOv5-ROS2/ros2_on_k3s/src/object_detection' with type 'ros.ament_python' and name 'object_detection'
[0.454s] Level 1:colcon.colcon_core.package_discovery:discover_packages(recursive) using defaults
